data/d004_Tito/data_postproc/Tito_20130408_001_RSVPVar06a_M+P_NSP1_M.feat.h5
data/d004_Tito/data_postproc/Tito_20130408_001_RSVPVar06a_M+P_NSP2_P.feat.h5
data/d004_Tito/data_postproc/Tito_20130408_002_RSVPVar06a_M+P_NSP1_M.feat.h5
data/d004_Tito/data_postproc/Tito_20130408_002_RSVPVar06a_M+P_NSP2_P.feat.h5
data/d004_Tito/data_postproc/Tito_20130408_003_RSVPVar06a_M+P_NSP1_M.feat.h5
data/d004_Tito/data_postproc/Tito_20130408_003_RSVPVar06a_M+P_NSP2_P.feat.h5
data/d004_Tito/data_postproc/Tito_20130408_004_RSVPVar06a_M+P_NSP1_M.feat.h5
data/d004_Tito/data_postproc/Tito_20130408_004_RSVPVar06a_M+P_NSP2_P.feat.h5
data/d004_Tito/data_postproc/Tito_20130411_001_RSVPVar06a_A+M_NSP1_A.feat.h5
data/d004_Tito/data_postproc/Tito_20130411_001_RSVPVar06a_A+M_NSP2_M.feat.h5
data/d004_Tito/data_postproc/Tito_20130411_002_RSVPVar06a_A+M_NSP1_A.feat.h5
data/d004_Tito/data_postproc/Tito_20130411_002_RSVPVar06a_A+M_NSP2_M.feat.h5
data/d004_Tito/data_postproc/Tito_20130411_003_RSVPVar06a_A+M_NSP1_A.feat.h5
data/d004_Tito/data_postproc/Tito_20130411_003_RSVPVar06a_A+M_NSP2_M.feat.h5
data/d004_Tito/data_postproc/Tito_20130411_004_RSVPVar06a_P+A_NSP1_P.feat.h5
data/d004_Tito/data_postproc/Tito_20130411_004_RSVPVar06a_P+A_NSP2_A.feat.h5
data/d004_Tito/data_postproc/Tito_20130411_005_RSVPVar06a_P+A_NSP1_P.feat.h5
data/d004_Tito/data_postproc/Tito_20130411_005_RSVPVar06a_P+A_NSP2_A.feat.h5
data/d004_Tito/data_postproc/Tito_20130411_006_RSVPVar06a_P+A_NSP1_P.feat.h5
data/d004_Tito/data_postproc/Tito_20130411_006_RSVPVar06a_P+A_NSP2_A.feat.h5
data/d004_Tito/data_postproc/Tito_20130412_001_RSVPVar06a_A+M_NSP1_A.feat.h5
data/d004_Tito/data_postproc/Tito_20130412_001_RSVPVar06a_A+M_NSP2_M.feat.h5
data/d004_Tito/data_postproc/Tito_20130412_002_RSVPVar06a_A+M_NSP1_A.feat.h5
data/d004_Tito/data_postproc/Tito_20130412_002_RSVPVar06a_A+M_NSP2_M.feat.h5
data/d004_Tito/data_postproc/Tito_20130412_003_RSVPVar06a_A+M_NSP1_A.feat.h5
data/d004_Tito/data_postproc/Tito_20130412_003_RSVPVar06a_A+M_NSP2_M.feat.h5
data/d004_Tito/data_postproc/Tito_20130412_004_RSVPVar06a_A+M_NSP1_A.feat.h5
data/d004_Tito/data_postproc/Tito_20130412_004_RSVPVar06a_A+M_NSP2_M.feat.h5
data/d004_Tito/data_postproc/Tito_20130415_001_RSVPVar06a_M+P_NSP1_M.feat.h5
data/d004_Tito/data_postproc/Tito_20130415_001_RSVPVar06a_M+P_NSP2_P.feat.h5
data/d004_Tito/data_postproc/Tito_20130415_002_RSVPVar06a_M+P_NSP1_M.feat.h5
data/d004_Tito/data_postproc/Tito_20130415_002_RSVPVar06a_M+P_NSP2_P.feat.h5
data/d004_Tito/data_postproc/Tito_20130415_003_RSVPVar06a_M+P_NSP1_M.feat.h5
data/d004_Tito/data_postproc/Tito_20130415_003_RSVPVar06a_M+P_NSP2_P.feat.h5
data/d004_Tito/data_postproc/Tito_20130415_004_RSVPVar06a_P+A_NSP1_P.feat.h5
data/d004_Tito/data_postproc/Tito_20130415_004_RSVPVar06a_P+A_NSP2_A.feat.h5
data/d004_Tito/data_postproc/Tito_20130415_005_RSVPVar06a_P+A_NSP1_P.feat.h5
data/d004_Tito/data_postproc/Tito_20130415_005_RSVPVar06a_P+A_NSP2_A.feat.h5
data/d004_Tito/data_postproc/Tito_20130415_006_RSVPVar06a_P+A_NSP1_P.feat.h5
data/d004_Tito/data_postproc/Tito_20130415_006_RSVPVar06a_P+A_NSP2_A.feat.h5
data/d004_Tito/data_postproc/Tito_20130415_007_RSVPVar06a_P+A_NSP1_P.feat.h5
data/d004_Tito/data_postproc/Tito_20130415_007_RSVPVar06a_P+A_NSP2_A.feat.h5
data/d004_Tito/data_postproc/Tito_20130415_008_RSVPVar06a_P+A_NSP1_P.feat.h5
data/d004_Tito/data_postproc/Tito_20130415_008_RSVPVar06a_P+A_NSP2_A.feat.h5
data/d004_Tito/data_postproc/Tito_20130415_009_RSVPVar06a_P+A_NSP1_P.feat.h5
data/d004_Tito/data_postproc/Tito_20130415_009_RSVPVar06a_P+A_NSP2_A.feat.h5
data/d004_Tito/data_postproc/Tito_20130418_001_RSVPVar06a_S130404+M_NSP1_S130404.feat.h5
data/d004_Tito/data_postproc/Tito_20130418_001_RSVPVar06a_S130404+M_NSP2_M.feat.h5
data/d004_Tito/data_postproc/Tito_20130418_002_RSVPVar06a_S130404+M_NSP1_S130404.feat.h5
data/d004_Tito/data_postproc/Tito_20130418_002_RSVPVar06a_S130404+M_NSP2_M.feat.h5
data/d004_Tito/data_postproc/Tito_20130418_003_RSVPVar06a_S130404+M_NSP1_S130404.feat.h5
data/d004_Tito/data_postproc/Tito_20130418_003_RSVPVar06a_S130404+M_NSP2_M.feat.h5
data/d004_Tito/data_postproc/Tito_20130418_004_RSVPVar06a_S130404+M_NSP1_S130404.feat.h5
data/d004_Tito/data_postproc/Tito_20130418_004_RSVPVar06a_S130404+M_NSP2_M.feat.h5
data/d004_Tito/data_postproc/Tito_20130418_005_RSVPVar06a_S130404+M_NSP1_S130404.feat.h5
data/d004_Tito/data_postproc/Tito_20130418_005_RSVPVar06a_S130404+M_NSP2_M.feat.h5
data/d004_Tito/data_postproc/Tito_20130418_006_RSVPVar06a_S130404+M_NSP1_S130404.feat.h5
data/d004_Tito/data_postproc/Tito_20130418_006_RSVPVar06a_S130404+M_NSP2_M.feat.h5
data/d004_Tito/data_postproc/Tito_20130418_007_RSVPVar06a_S130404+M_NSP1_S130404.feat.h5
data/d004_Tito/data_postproc/Tito_20130418_007_RSVPVar06a_S130404+M_NSP2_M.feat.h5
data/d004_Tito/data_postproc/Tito_20130418_008_RSVPVar06a_S130404+M_NSP1_S130404.feat.h5
data/d004_Tito/data_postproc/Tito_20130418_008_RSVPVar06a_S130404+M_NSP2_M.feat.h5
data/d004_Tito/data_postproc/Tito_20130510_007_RSVPVar06a_S130404+M_NSP1_S130404.feat.h5
data/d004_Tito/data_postproc/Tito_20130510_007_RSVPVar06a_S130404+M_NSP2_M.feat.h5
data/d005_Tito/data_postproc/Tito_20130608_003_RSVPVar06a_S130404+M_NSP1_S130404.feat.h5
data/d005_Tito/data_postproc/Tito_20130608_003_RSVPVar06a_S130404+M_NSP2_M.feat.h5
data/d005_Tito/data_postproc/Tito_20130612_003_RSVPVar06a_S130404+M_NSP1_S130404.feat.h5
data/d005_Tito/data_postproc/Tito_20130612_003_RSVPVar06a_S130404+M_NSP2_M.feat.h5
data/d005_Tito/data_postproc/Tito_20130620_003_RSVPVar06a_S130404+M_NSP1_S130404.feat.h5
data/d005_Tito/data_postproc/Tito_20130620_003_RSVPVar06a_S130404+M_NSP2_M.feat.h5
data/d005_Tito/data_postproc/Tito_20130621_002_RSVPVar06a_S130404+M_NSP1_S130404.feat.h5
data/d005_Tito/data_postproc/Tito_20130621_002_RSVPVar06a_S130404+M_NSP2_M.feat.h5
