data/d004_Tito/data_postproc/Tito_20130404_006_RSVPVar00a_P+A_NSP1_P.feat.h5
data/d004_Tito/data_postproc/Tito_20130404_006_RSVPVar00a_P+A_NSP2_A.feat.h5
data/d004_Tito/data_postproc/Tito_20130404_007_RSVPVar00a_P+A_NSP1_P.feat.h5
data/d004_Tito/data_postproc/Tito_20130404_007_RSVPVar00a_P+A_NSP2_A.feat.h5
data/d004_Tito/data_postproc/Tito_20130404_008_RSVPVar00a_A+M_NSP1_A.feat.h5
data/d004_Tito/data_postproc/Tito_20130404_008_RSVPVar00a_A+M_NSP2_M.feat.h5
data/d004_Tito/data_postproc/Tito_20130404_009_RSVPVar00a_A+M_NSP1_A.feat.h5
data/d004_Tito/data_postproc/Tito_20130404_009_RSVPVar00a_A+M_NSP2_M.feat.h5
data/d004_Tito/data_postproc/Tito_20130404_010_RSVPVar00a_M+P_NSP1_M.feat.h5
data/d004_Tito/data_postproc/Tito_20130404_010_RSVPVar00a_M+P_NSP2_P.feat.h5
data/d004_Tito/data_postproc/Tito_20130405_001_RSVPVar00a_M+P_NSP1_M.feat.h5
data/d004_Tito/data_postproc/Tito_20130405_001_RSVPVar00a_M+P_NSP2_P.feat.h5
data/d004_Tito/data_postproc/Tito_20130405_002_RSVPVar00a_M+P_NSP1_M.feat.h5
data/d004_Tito/data_postproc/Tito_20130405_002_RSVPVar00a_M+P_NSP2_P.feat.h5
data/d004_Tito/data_postproc/Tito_20130405_003_RSVPVar00a_M+P_NSP1_M.feat.h5
data/d004_Tito/data_postproc/Tito_20130405_003_RSVPVar00a_M+P_NSP2_P.feat.h5
data/d004_Tito/data_postproc/Tito_20130405_004_RSVPVar00a_M+P_NSP1_M.feat.h5
data/d004_Tito/data_postproc/Tito_20130405_004_RSVPVar00a_M+P_NSP2_P.feat.h5
data/d004_Tito/data_postproc/Tito_20130405_005_RSVPVar00a_P+A_NSP1_P.feat.h5
data/d004_Tito/data_postproc/Tito_20130405_005_RSVPVar00a_P+A_NSP2_A.feat.h5
data/d004_Tito/data_postproc/Tito_20130405_006_RSVPVar00a_P+A_NSP1_P.feat.h5
data/d004_Tito/data_postproc/Tito_20130405_006_RSVPVar00a_P+A_NSP2_A.feat.h5
data/d004_Tito/data_postproc/Tito_20130405_007_RSVPVar00a_P+A_NSP1_P.feat.h5
data/d004_Tito/data_postproc/Tito_20130405_007_RSVPVar00a_P+A_NSP2_A.feat.h5
data/d004_Tito/data_postproc/Tito_20130405_008_RSVPVar00a_A+M_NSP1_A.feat.h5
data/d004_Tito/data_postproc/Tito_20130405_008_RSVPVar00a_A+M_NSP2_M.feat.h5
data/d004_Tito/data_postproc/Tito_20130405_009_RSVPVar00a_A+M_NSP1_A.feat.h5
data/d004_Tito/data_postproc/Tito_20130405_009_RSVPVar00a_A+M_NSP2_M.feat.h5
data/d004_Tito/data_postproc/Tito_20130405_010_RSVPVar00a_A+M_NSP1_A.feat.h5
data/d004_Tito/data_postproc/Tito_20130405_010_RSVPVar00a_A+M_NSP2_M.feat.h5
data/d004_Tito/data_postproc/Tito_20130405_011_RSVPVar00a_A+M_NSP1_A.feat.h5
data/d004_Tito/data_postproc/Tito_20130405_011_RSVPVar00a_A+M_NSP2_M.feat.h5
data/d004_Tito/data_postproc/Tito_20130405_012_RSVPVar00a_P+A_NSP1_P.feat.h5
data/d004_Tito/data_postproc/Tito_20130405_012_RSVPVar00a_P+A_NSP2_A.feat.h5
data/d004_Tito/data_postproc/Tito_20130405_013_RSVPVar00a_M+P_NSP1_M.feat.h5
data/d004_Tito/data_postproc/Tito_20130405_013_RSVPVar00a_M+P_NSP2_P.feat.h5
data/d004_Tito/data_postproc/Tito_20130510_005_RSVPVar00a_S130404+M_NSP1_S130404.feat.h5
data/d004_Tito/data_postproc/Tito_20130510_005_RSVPVar00a_S130404+M_NSP2_M.feat.h5
