receiving incremental file list
Tito_20110806_RSVPVar03a_S110720_001.ccf
Tito_20110806_RSVPVar03a_S110720_001.nev
Tito_20110806_RSVPVar03a_S110720_001.ns5
Tito_20110806_RSVPVar03a_S110720_002.ccf
Tito_20110806_RSVPVar03a_S110720_002.nev
Tito_20110806_RSVPVar03a_S110720_002.ns5
Tito_20110806_RSVPVar03a_S110720_003.ccf
Tito_20110806_RSVPVar03a_S110720_003.nev
Tito_20110806_RSVPVar03a_S110720_003.ns5
Tito_20110806_RSVPVar03a_S110720_004.ccf
Tito_20110806_RSVPVar03a_S110720_004.nev
Tito_20110806_RSVPVar03a_S110720_004.ns5
Tito_20110806_RSVPVar03a_S110720_005.ccf
Tito_20110806_RSVPVar03a_S110720_005.nev
Tito_20110806_RSVPVar03a_S110720_005.ns5
Tito_20110806_RSVPVar03a_S110720_006.ccf
Tito_20110806_RSVPVar03a_S110720_006.nev
Tito_20110806_RSVPVar03a_S110720_006.ns5
Tito_20110806_RSVPVar03a_S110720_007.ccf
Tito_20110806_RSVPVar03a_S110720_007.nev
Tito_20110806_RSVPVar03a_S110720_007.ns5
Tito_20110806_RSVPVar03a_S110720_008.ccf
Tito_20110806_RSVPVar03a_S110720_008.nev
Tito_20110806_RSVPVar03a_S110720_008.ns5

sent 483 bytes  received 65045444774 bytes  2524027.29 bytes/sec
total size is 90874661952  speedup is 1.40
