receiving incremental file list
Tito_20111002_RF_8deg_S110720A_001.ccf
Tito_20111002_RF_8deg_S110720A_001.nev
Tito_20111002_RF_8deg_S110720A_001.ns5
Tito_20111002_RSVPVOC2011trainval_sp0_S110720A_001.ccf
Tito_20111002_RSVPVOC2011trainval_sp0_S110720A_001.nev
Tito_20111002_RSVPVOC2011trainval_sp0_S110720A_001.ns5
Tito_20111002_RSVPVOC2011trainval_sp0_S110720A_002.ccf
Tito_20111002_RSVPVOC2011trainval_sp0_S110720A_002.nev
Tito_20111002_RSVPVOC2011trainval_sp0_S110720A_002.ns5
Tito_20111002_RSVPVOC2011trainval_sp0_S110720A_011.ccf
Tito_20111002_RSVPVOC2011trainval_sp0_S110720A_011.nev
Tito_20111002_RSVPVOC2011trainval_sp0_S110720A_011.ns5
Tito_20111002_RSVPVOC2011trainval_sp1_S110720A_003.ccf
Tito_20111002_RSVPVOC2011trainval_sp1_S110720A_003.nev
Tito_20111002_RSVPVOC2011trainval_sp1_S110720A_003.ns5
Tito_20111002_RSVPVOC2011trainval_sp1_S110720A_010.ccf
Tito_20111002_RSVPVOC2011trainval_sp1_S110720A_010.nev
Tito_20111002_RSVPVOC2011trainval_sp1_S110720A_010.ns5
Tito_20111002_RSVPVOC2011trainval_sp2_S110720A_004.ccf
Tito_20111002_RSVPVOC2011trainval_sp2_S110720A_004.nev
Tito_20111002_RSVPVOC2011trainval_sp2_S110720A_004.ns5
Tito_20111002_RSVPVOC2011trainval_sp2_S110720A_009.ccf
Tito_20111002_RSVPVOC2011trainval_sp2_S110720A_009.nev
Tito_20111002_RSVPVOC2011trainval_sp2_S110720A_009.ns5
Tito_20111002_RSVPVOC2011trainval_sp3_S110720A_005.ccf
Tito_20111002_RSVPVOC2011trainval_sp3_S110720A_005.nev
Tito_20111002_RSVPVOC2011trainval_sp3_S110720A_005.ns5
Tito_20111002_RSVPVOC2011trainval_sp3_S110720A_008.ccf
Tito_20111002_RSVPVOC2011trainval_sp3_S110720A_008.nev
Tito_20111002_RSVPVOC2011trainval_sp3_S110720A_008.ns5
Tito_20111002_RSVPVOC2011trainval_sp4_S110720A_006.ccf
Tito_20111002_RSVPVOC2011trainval_sp4_S110720A_006.nev
Tito_20111002_RSVPVOC2011trainval_sp4_S110720A_006.ns5
Tito_20111002_RSVPVOC2011trainval_sp4_S110720A_007.ccf
Tito_20111002_RSVPVOC2011trainval_sp4_S110720A_007.nev
Tito_20111002_RSVPVOC2011trainval_sp4_S110720A_007.ns5

sent 711 bytes  received 99101236220 bytes  2515547.13 bytes/sec
total size is 139759423880  speedup is 1.41
