receiving incremental file list
Tito_20110930_RF_8deg_S110720A_NSP2_P_005.ccf
Tito_20110930_RF_8deg_S110720A_NSP2_P_005.nev
Tito_20110930_RF_8deg_S110720A_NSP2_P_005.ns5
Tito_20110930_RF_S110720A_NSP2_P_001.ccf
Tito_20110930_RF_S110720A_NSP2_P_001.nev
Tito_20110930_RF_S110720A_NSP2_P_001.ns5
Tito_20110930_RF_S110720A_NSP2_P_002.ccf
Tito_20110930_RF_S110720A_NSP2_P_002.nev
Tito_20110930_RF_S110720A_NSP2_P_002.ns5
Tito_20110930_RF_S110720A_NSP2_P_003.ccf
Tito_20110930_RF_S110720A_NSP2_P_003.nev
Tito_20110930_RF_S110720A_NSP2_P_003.ns5
Tito_20110930_RF_S110720A_NSP2_P_004.ccf
Tito_20110930_RF_S110720A_NSP2_P_004.nev
Tito_20110930_RF_S110720A_NSP2_P_004.ns5
Tito_20110930_RSVPVOC2011trainval_sp0_S110720A_NSP2_P_001.ccf
Tito_20110930_RSVPVOC2011trainval_sp0_S110720A_NSP2_P_001.nev
Tito_20110930_RSVPVOC2011trainval_sp0_S110720A_NSP2_P_001.ns5
Tito_20110930_RSVPVOC2011trainval_sp1_S110720A_NSP2_P_002.ccf
Tito_20110930_RSVPVOC2011trainval_sp1_S110720A_NSP2_P_002.nev
Tito_20110930_RSVPVOC2011trainval_sp1_S110720A_NSP2_P_002.ns5
Tito_20110930_RSVPVOC2011trainval_sp2_S110720A_NSP2_P_003.ccf
Tito_20110930_RSVPVOC2011trainval_sp2_S110720A_NSP2_P_003.nev
Tito_20110930_RSVPVOC2011trainval_sp2_S110720A_NSP2_P_003.ns5

sent 483 bytes  received 23814427025 bytes  2441378.60 bytes/sec
total size is 34853575208  speedup is 1.46
