receiving incremental file list
Tito_20110817_RSVPVar06a_S110720A_001.ccf
Tito_20110817_RSVPVar06a_S110720A_001.nev
Tito_20110817_RSVPVar06a_S110720A_001.ns5
Tito_20110817_RSVPVar06a_S110720A_002.ccf
Tito_20110817_RSVPVar06a_S110720A_002.nev
Tito_20110817_RSVPVar06a_S110720A_002.ns5
Tito_20110817_RSVPVar06a_S110720A_003.ccf
Tito_20110817_RSVPVar06a_S110720A_003.nev
Tito_20110817_RSVPVar06a_S110720A_003.ns5
Tito_20110817_RSVPVar06a_S110720A_004.ccf
Tito_20110817_RSVPVar06a_S110720A_004.nev
Tito_20110817_RSVPVar06a_S110720A_004.ns5
Tito_20110817_RSVPVar06a_S110720A_005.ccf
Tito_20110817_RSVPVar06a_S110720A_005.nev
Tito_20110817_RSVPVar06a_S110720A_005.ns5
Tito_20110817_RSVPVar06a_S110720A_006.ccf
Tito_20110817_RSVPVar06a_S110720A_006.nev
Tito_20110817_RSVPVar06a_S110720A_006.ns5

sent 369 bytes  received 40109210140 bytes  2484850.26 bytes/sec
total size is 56418773418  speedup is 1.41
