receiving incremental file list
Tito_20110811_RSVPVar00a_S110720A_001.ccf
Tito_20110811_RSVPVar00a_S110720A_001.nev
Tito_20110811_RSVPVar00a_S110720A_001.ns5
Tito_20110811_RSVPVar00a_S110720A_002.ccf
Tito_20110811_RSVPVar00a_S110720A_002.nev
Tito_20110811_RSVPVar00a_S110720A_002.ns5
Tito_20110811_RSVPVar00a_S110720A_003.ccf
Tito_20110811_RSVPVar00a_S110720A_003.nev
Tito_20110811_RSVPVar00a_S110720A_003.ns5
Tito_20110811_RSVPVar00a_S110720A_004.ccf
Tito_20110811_RSVPVar00a_S110720A_004.nev
Tito_20110811_RSVPVar00a_S110720A_004.ns5
Tito_20110811_RSVPVar00a_S110720A_005.ccf
Tito_20110811_RSVPVar00a_S110720A_005.nev
Tito_20110811_RSVPVar00a_S110720A_005.ns5
Tito_20110811_RSVPVar00a_S110720A_006.ccf
Tito_20110811_RSVPVar00a_S110720A_006.nev
Tito_20110811_RSVPVar00a_S110720A_006.ns5
Tito_20110811_RSVPVar00a_S110720A_007.ccf
Tito_20110811_RSVPVar00a_S110720A_007.nev
Tito_20110811_RSVPVar00a_S110720A_007.ns5
Tito_20110811_RSVPVar00a_S110720A_008.ccf
Tito_20110811_RSVPVar00a_S110720A_008.nev
Tito_20110811_RSVPVar00a_S110720A_008.ns5
Tito_20110811_RSVPVar00a_S110720A_009.ccf
Tito_20110811_RSVPVar00a_S110720A_009.nev
Tito_20110811_RSVPVar00a_S110720A_009.ns5
Tito_20110811_RSVPVar00a_S110720A_010.ccf
Tito_20110811_RSVPVar00a_S110720A_010.nev
Tito_20110811_RSVPVar00a_S110720A_010.ns5

sent 597 bytes  received 47306578082 bytes  2500413.79 bytes/sec
total size is 66363941838  speedup is 1.40
