receiving incremental file list
Tito_20110801_RSVPVar03a_M_001.ccf
Tito_20110801_RSVPVar03a_M_001.nev
Tito_20110801_RSVPVar03a_M_001.ns5
Tito_20110801_RSVPVar03a_M_002.ccf
Tito_20110801_RSVPVar03a_M_002.nev
Tito_20110801_RSVPVar03a_M_002.ns5
Tito_20110801_RSVPVar03a_M_003.ccf
Tito_20110801_RSVPVar03a_M_003.nev
Tito_20110801_RSVPVar03a_M_003.ns5
Tito_20110801_RSVPVar03a_M_004.ccf
Tito_20110801_RSVPVar03a_M_004.nev
Tito_20110801_RSVPVar03a_M_004.ns5
Tito_20110801_RSVPVar03a_M_005.ccf
Tito_20110801_RSVPVar03a_M_005.nev
Tito_20110801_RSVPVar03a_M_005.ns5
Tito_20110801_RSVPVar03a_M_006.ccf
Tito_20110801_RSVPVar03a_M_006.nev
Tito_20110801_RSVPVar03a_M_006.ns5
Tito_20110801_RSVPVar03a_M_007.ccf
Tito_20110801_RSVPVar03a_M_007.nev
Tito_20110801_RSVPVar03a_M_007.ns5
Tito_20110801_RSVPVar03a_M_008.ccf
Tito_20110801_RSVPVar03a_M_008.nev
Tito_20110801_RSVPVar03a_M_008.ns5

sent 483 bytes  received 52644800785 bytes  2540588.34 bytes/sec
total size is 72873954040  speedup is 1.38
