receiving incremental file list
Tito_20110731_RSVPVar03a_M_001.ccf
Tito_20110731_RSVPVar03a_M_001.nev
Tito_20110731_RSVPVar03a_M_001.ns5
Tito_20110731_RSVPVar03a_M_001001.ccf
Tito_20110731_RSVPVar03a_M_001001.nev
Tito_20110731_RSVPVar03a_M_001001.ns5
Tito_20110731_RSVPVar03a_M_002.ccf
Tito_20110731_RSVPVar03a_M_002.nev
Tito_20110731_RSVPVar03a_M_002.ns5
Tito_20110731_RSVPVar03a_M_003.ccf
Tito_20110731_RSVPVar03a_M_003.nev
Tito_20110731_RSVPVar03a_M_003.ns5
Tito_20110731_RSVPVar03a_M_004.ccf
Tito_20110731_RSVPVar03a_M_004.nev
Tito_20110731_RSVPVar03a_M_004.ns5
Tito_20110731_RSVPVar03a_M_005.ccf
Tito_20110731_RSVPVar03a_M_005.nev
Tito_20110731_RSVPVar03a_M_005.ns5
Tito_20110731_RSVPVar03a_M_006.ccf
Tito_20110731_RSVPVar03a_M_006.nev
Tito_20110731_RSVPVar03a_M_006.ns5

sent 426 bytes  received 49411412958 bytes  2514127.94 bytes/sec
total size is 69842040697  speedup is 1.41
