receiving incremental file list
Tito_20110821_RSVPNicole10x6_S110720A_001.ccf
Tito_20110821_RSVPNicole10x6_S110720A_001.nev
Tito_20110821_RSVPNicole10x6_S110720A_001.ns5
Tito_20110821_RSVPNicole10x6_S110720A_002.ccf
Tito_20110821_RSVPNicole10x6_S110720A_002.nev
Tito_20110821_RSVPNicole10x6_S110720A_002.ns5
Tito_20110821_RSVPNicole10x6_S110720A_003.ccf
Tito_20110821_RSVPNicole10x6_S110720A_003.nev
Tito_20110821_RSVPNicole10x6_S110720A_003.ns5
Tito_20110821_RSVPNicole10x6_S110720A_004.ccf
Tito_20110821_RSVPNicole10x6_S110720A_004.nev
Tito_20110821_RSVPNicole10x6_S110720A_004.ns5
Tito_20110821_RSVPNicole10x6_S110720A_005.ccf
Tito_20110821_RSVPNicole10x6_S110720A_005.nev
Tito_20110821_RSVPNicole10x6_S110720A_005.ns5
Tito_20110821_RSVPNicole305_S110720A_001.ccf
Tito_20110821_RSVPNicole305_S110720A_001.nev
Tito_20110821_RSVPNicole305_S110720A_001.ns5
Tito_20110821_RSVPNicole305_S110720A_002.ccf
Tito_20110821_RSVPNicole305_S110720A_002.nev
Tito_20110821_RSVPNicole305_S110720A_002.ns5
Tito_20110821_RSVPNicole305_S110720A_003.ccf
Tito_20110821_RSVPNicole305_S110720A_003.nev
Tito_20110821_RSVPNicole305_S110720A_003.ns5

sent 483 bytes  received 36996403253 bytes  2500517.30 bytes/sec
total size is 52078724416  speedup is 1.41
