receiving incremental file list
Tito_20110802_RSVPVar03a_S_001.ccf
Tito_20110802_RSVPVar03a_S_001.nev
Tito_20110802_RSVPVar03a_S_001.ns5
Tito_20110802_RSVPVar03a_S_002.ccf
Tito_20110802_RSVPVar03a_S_002.nev
Tito_20110802_RSVPVar03a_S_002.ns5
Tito_20110802_RSVPVar03a_S_003.ccf
Tito_20110802_RSVPVar03a_S_003.nev
Tito_20110802_RSVPVar03a_S_003.ns5
Tito_20110802_RSVPVar03a_S_004.ccf
Tito_20110802_RSVPVar03a_S_004.nev
Tito_20110802_RSVPVar03a_S_004.ns5
Tito_20110802_RSVPVar03a_S_005.ccf
Tito_20110802_RSVPVar03a_S_005.nev
Tito_20110802_RSVPVar03a_S_005.ns5
Tito_20110802_RSVPVar03a_S_006.ccf
Tito_20110802_RSVPVar03a_S_006.nev
Tito_20110802_RSVPVar03a_S_006.ns5
Tito_20110802_RSVPVar03a_S_007.ccf
Tito_20110802_RSVPVar03a_S_007.nev
Tito_20110802_RSVPVar03a_S_007.ns5

sent 426 bytes  received 57672412709 bytes  2508423.25 bytes/sec
total size is 80991253641  speedup is 1.40
