receiving incremental file list
Tito_20110831_RSVPVar06_nopos_S110720A_001.ccf
Tito_20110831_RSVPVar06_nopos_S110720A_001.nev
Tito_20110831_RSVPVar06_nopos_S110720A_001.ns5
Tito_20110831_RSVPVar06_nopos_S110720A_002.ccf
Tito_20110831_RSVPVar06_nopos_S110720A_002.nev
Tito_20110831_RSVPVar06_nopos_S110720A_002.ns5
Tito_20110831_RSVPVar06_nopos_S110720A_003.ccf
Tito_20110831_RSVPVar06_nopos_S110720A_003.nev
Tito_20110831_RSVPVar06_nopos_S110720A_003.ns5
Tito_20110831_RSVPVar06_nopos_S110720A_004.ccf
Tito_20110831_RSVPVar06_nopos_S110720A_004.nev
Tito_20110831_RSVPVar06_nopos_S110720A_004.ns5
Tito_20110831_RSVPVar06_nopos_S110720A_005.ccf
Tito_20110831_RSVPVar06_nopos_S110720A_005.nev
Tito_20110831_RSVPVar06_nopos_S110720A_005.ns5
Tito_20110831_RSVPVar06_nopos_S110720A_006.ccf
Tito_20110831_RSVPVar06_nopos_S110720A_006.nev
Tito_20110831_RSVPVar06_nopos_S110720A_006.ns5
Tito_20110831_RSVPVar06_nopos_S110720A_007.ccf
Tito_20110831_RSVPVar06_nopos_S110720A_007.nev
Tito_20110831_RSVPVar06_nopos_S110720A_007.ns5
Tito_20110831_RSVPVar06_nopos_S110720A_008.ccf
Tito_20110831_RSVPVar06_nopos_S110720A_008.nev
Tito_20110831_RSVPVar06_nopos_S110720A_008.ns5

sent 483 bytes  received 46488635817 bytes  2486621.72 bytes/sec
total size is 65518898376  speedup is 1.41
