receiving incremental file list
Tito_20110805_RSVPVar03a_S110720_001.ccf
Tito_20110805_RSVPVar03a_S110720_001.nev
Tito_20110805_RSVPVar03a_S110720_001.ns5
Tito_20110805_RSVPVar03a_S110720_002.ccf
Tito_20110805_RSVPVar03a_S110720_002.nev
Tito_20110805_RSVPVar03a_S110720_002.ns5
Tito_20110805_RSVPVar03a_S110720_003.ccf
Tito_20110805_RSVPVar03a_S110720_003.nev
Tito_20110805_RSVPVar03a_S110720_003.ns5
Tito_20110805_RSVPVar03a_S110720_004.ccf
Tito_20110805_RSVPVar03a_S110720_004.nev
Tito_20110805_RSVPVar03a_S110720_004.ns5
Tito_20110805_RSVPVar03a_S110720_005.ccf
Tito_20110805_RSVPVar03a_S110720_005.nev
Tito_20110805_RSVPVar03a_S110720_005.ns5
Tito_20110805_RSVPVar03a_S110720_006.ccf
Tito_20110805_RSVPVar03a_S110720_006.nev
Tito_20110805_RSVPVar03a_S110720_006.ns5
Tito_20110805_RSVPVar03a_S110720_007.ccf
Tito_20110805_RSVPVar03a_S110720_007.nev
Tito_20110805_RSVPVar03a_S110720_007.ns5

sent 426 bytes  received 51722107690 bytes  2502581.74 bytes/sec
total size is 72381257713  speedup is 1.40
