receiving incremental file list
Tito_20110711_Imp_A_001_RefA.txt
Tito_20110711_Imp_M_001_RefA.txt
Tito_20110711_Imp_P_001_RefA.txt
Tito_20110712_Imp_A_001_RefA.txt
Tito_20110712_Imp_M_001_RefA.txt
Tito_20110712_Imp_P_001_RefA.txt
Tito_20110713_Imp_P_001_RefA.txt
Tito_20110714_Imp_M_001_RefA.txt
Tito_20110715_Imp_A_001_RefA.txt
Tito_20110716_Imp_P_001_RefA.txt
Tito_20110717_Imp_M_001_RefA.txt
Tito_20110718_Imp_A_001_RefA.txt
Tito_20110719_Imp_M_001_RefA.txt
Tito_20110720_Imp_P_001_RefA.txt
Tito_20110721_Imp_M_001_RefA.txt
Tito_20110722_Imp_M_001_RefA.txt
Tito_20110725_Imp_M_001_RefA.txt
Tito_20110726_Imp_M_001_RefA.txt
Tito_20110727_Imp_M_001_RefA.txt
Tito_20110809_Imp_P_001_RefA.txt

sent 407 bytes  received 15785 bytes  6476.80 bytes/sec
total size is 56920  speedup is 3.52
