receiving incremental file list
Tito_20110813_RSVPVar06a_S110720A_NSP2_P_001.ccf
Tito_20110813_RSVPVar06a_S110720A_NSP2_P_001.nev
Tito_20110813_RSVPVar06a_S110720A_NSP2_P_001.ns5
Tito_20110821_RSVPNicole10x6_S110720A_NSP2_P_001.ccf
Tito_20110821_RSVPNicole10x6_S110720A_NSP2_P_001.nev
Tito_20110821_RSVPNicole10x6_S110720A_NSP2_P_001.ns5
Tito_20110821_RSVPNicole10x6_S110720A_NSP2_P_002.ccf
Tito_20110821_RSVPNicole10x6_S110720A_NSP2_P_002.nev
Tito_20110821_RSVPNicole10x6_S110720A_NSP2_P_002.ns5
Tito_20110821_RSVPNicole10x6_S110720A_NSP2_P_003.ccf
Tito_20110821_RSVPNicole10x6_S110720A_NSP2_P_003.nev
Tito_20110821_RSVPNicole10x6_S110720A_NSP2_P_003.ns5
Tito_20110821_RSVPNicole10x6_S110720A_NSP2_P_004.ccf
Tito_20110821_RSVPNicole10x6_S110720A_NSP2_P_004.nev
Tito_20110821_RSVPNicole10x6_S110720A_NSP2_P_004.ns5
Tito_20110821_RSVPNicole10x6_S110720A_NSP2_P_005.ccf
Tito_20110821_RSVPNicole10x6_S110720A_NSP2_P_005.nev
Tito_20110821_RSVPNicole10x6_S110720A_NSP2_P_005.ns5
Tito_20110821_RSVPNicole305_S110720A_NSP2_P_001.ccf
Tito_20110821_RSVPNicole305_S110720A_NSP2_P_001.nev
Tito_20110821_RSVPNicole305_S110720A_NSP2_P_001.ns5
Tito_20110821_RSVPNicole305_S110720A_NSP2_P_002.ccf
Tito_20110821_RSVPNicole305_S110720A_NSP2_P_002.nev
Tito_20110821_RSVPNicole305_S110720A_NSP2_P_002.ns5
Tito_20110821_RSVPNicole305_S110720A_NSP2_P_003.ccf
Tito_20110821_RSVPNicole305_S110720A_NSP2_P_003.nev
Tito_20110821_RSVPNicole305_S110720A_NSP2_P_003.ns5

sent 540 bytes  received 35874884024 bytes  2431124.22 bytes/sec
total size is 51730323511  speedup is 1.44
