receiving incremental file list
Tito_20110930_RF_8deg_S110720A_005.ccf
Tito_20110930_RF_8deg_S110720A_005.nev
Tito_20110930_RF_8deg_S110720A_005.ns5
Tito_20110930_RF_S110720A_001.ccf
Tito_20110930_RF_S110720A_001.nev
Tito_20110930_RF_S110720A_001.ns5
Tito_20110930_RF_S110720A_002.ccf
Tito_20110930_RF_S110720A_002.nev
Tito_20110930_RF_S110720A_002.ns5
Tito_20110930_RF_S110720A_003.ccf
Tito_20110930_RF_S110720A_003.nev
Tito_20110930_RF_S110720A_003.ns5
Tito_20110930_RF_S110720A_004.ccf
Tito_20110930_RF_S110720A_004.nev
Tito_20110930_RF_S110720A_004.ns5
Tito_20110930_RSVPVOC2011trainval_sp0_S110720A_001.ccf
Tito_20110930_RSVPVOC2011trainval_sp0_S110720A_001.nev
Tito_20110930_RSVPVOC2011trainval_sp0_S110720A_001.ns5
Tito_20110930_RSVPVOC2011trainval_sp1_S110720A_002.ccf
Tito_20110930_RSVPVOC2011trainval_sp1_S110720A_002.nev
Tito_20110930_RSVPVOC2011trainval_sp1_S110720A_002.ns5
Tito_20110930_RSVPVOC2011trainval_sp2_S110720A_003.ccf
Tito_20110930_RSVPVOC2011trainval_sp2_S110720A_003.nev
Tito_20110930_RSVPVOC2011trainval_sp2_S110720A_003.ns5

sent 483 bytes  received 29114450207 bytes  2464506.77 bytes/sec
total size is 40833912080  speedup is 1.40
