receiving incremental file list
Tito_20110831_RSVPVar06_nopos_S110720A_NSP2_P_001.ccf
Tito_20110831_RSVPVar06_nopos_S110720A_NSP2_P_001.nev
Tito_20110831_RSVPVar06_nopos_S110720A_NSP2_P_001.ns5
Tito_20110831_RSVPVar06_nopos_S110720A_NSP2_P_002.ccf
Tito_20110831_RSVPVar06_nopos_S110720A_NSP2_P_002.nev
Tito_20110831_RSVPVar06_nopos_S110720A_NSP2_P_002.ns5
Tito_20110831_RSVPVar06_nopos_S110720A_NSP2_P_003.ccf
Tito_20110831_RSVPVar06_nopos_S110720A_NSP2_P_003.nev
Tito_20110831_RSVPVar06_nopos_S110720A_NSP2_P_003.ns5
Tito_20110831_RSVPVar06_nopos_S110720A_NSP2_P_004.ccf
Tito_20110831_RSVPVar06_nopos_S110720A_NSP2_P_004.nev
Tito_20110831_RSVPVar06_nopos_S110720A_NSP2_P_004.ns5
Tito_20110831_RSVPVar06_nopos_S110720A_NSP2_P_005.ccf
Tito_20110831_RSVPVar06_nopos_S110720A_NSP2_P_005.nev
Tito_20110831_RSVPVar06_nopos_S110720A_NSP2_P_005.ns5
Tito_20110831_RSVPVar06_nopos_S110720A_NSP2_P_006.ccf
Tito_20110831_RSVPVar06_nopos_S110720A_NSP2_P_006.nev
Tito_20110831_RSVPVar06_nopos_S110720A_NSP2_P_006.ns5
Tito_20110831_RSVPVar06_nopos_S110720A_NSP2_P_007.ccf
Tito_20110831_RSVPVar06_nopos_S110720A_NSP2_P_007.nev
Tito_20110831_RSVPVar06_nopos_S110720A_NSP2_P_007.ns5
Tito_20110831_RSVPVar06_nopos_S110720A_NSP2_P_008.ccf
Tito_20110831_RSVPVar06_nopos_S110720A_NSP2_P_008.nev
Tito_20110831_RSVPVar06_nopos_S110720A_NSP2_P_008.ns5

sent 483 bytes  received 37785869650 bytes  2422714.72 bytes/sec
total size is 54674212152  speedup is 1.45
