receiving incremental file list
Tito_20110815_RSVPVar06a_S110720A_NSP2_P_001.ccf
Tito_20110815_RSVPVar06a_S110720A_NSP2_P_001.nev
Tito_20110815_RSVPVar06a_S110720A_NSP2_P_001.ns5
Tito_20110815_RSVPVar06a_S110720A_NSP2_P_002.ccf
Tito_20110815_RSVPVar06a_S110720A_NSP2_P_002.nev
Tito_20110815_RSVPVar06a_S110720A_NSP2_P_002.ns5
Tito_20110815_RSVPVar06a_S110720A_NSP2_P_003.ccf
Tito_20110815_RSVPVar06a_S110720A_NSP2_P_003.nev
Tito_20110815_RSVPVar06a_S110720A_NSP2_P_003.ns5
Tito_20110815_RSVPVar06a_S110720A_NSP2_P_004.ccf
Tito_20110815_RSVPVar06a_S110720A_NSP2_P_004.nev
Tito_20110815_RSVPVar06a_S110720A_NSP2_P_004.ns5
Tito_20110815_RSVPVar06a_S110720A_NSP2_P_005.ccf
Tito_20110815_RSVPVar06a_S110720A_NSP2_P_005.nev
Tito_20110815_RSVPVar06a_S110720A_NSP2_P_005.ns5
Tito_20110815_RSVPVar06a_S110720A_NSP2_P_006.ccf
Tito_20110815_RSVPVar06a_S110720A_NSP2_P_006.nev
Tito_20110815_RSVPVar06a_S110720A_NSP2_P_006.ns5
Tito_20110815_RSVPVar06a_S110720A_NSP2_P_007.ccf
Tito_20110815_RSVPVar06a_S110720A_NSP2_P_007.nev
Tito_20110815_RSVPVar06a_S110720A_NSP2_P_007.ns5

sent 426 bytes  received 34504240383 bytes  2424157.15 bytes/sec
total size is 49781234017  speedup is 1.44
