receiving incremental file list
Tito_20110711_Imp_A_001_RefA.txt
Tito_20110711_Imp_M_001_RefA.txt
Tito_20110711_Imp_P_001_RefA.txt
Tito_20110712_Imp_A_001_RefA.txt
Tito_20110712_Imp_M_001_RefA.txt
Tito_20110712_Imp_P_001_RefA.txt
Tito_20110713_Imp_P_001_RefA.txt
Tito_20110714_Imp_M_001_RefA.txt
Tito_20110715_Imp_A_001_RefA.txt
Tito_20110716_Imp_P_001_RefA.txt
Tito_20110717_Imp_M_001_RefA.txt
Tito_20110718_Imp_A_001_RefA.txt
Tito_20110719_Imp_M_001_RefA.txt
Tito_20110720_Imp_P_001_RefA.txt
Tito_20110721_Imp_M_001_RefA.txt
Tito_20110722_Imp_M_001_RefA.txt
Tito_20110725_Imp_M_001_RefA.txt
Tito_20110726_Imp_M_001_RefA.txt
Tito_20110727_Imp_M_001_RefA.txt
Tito_20110728_Imp_M_001_RefA.txt
Tito_20110729_Imp_M_001_RefA.txt
Tito_20110730_Imp_M_001_RefA.txt
Tito_20110731_Imp_M_001_RefA.txt
Tito_20110801_Imp_M_001_RefA.txt
Tito_20110802_Imp_A_001_RefA.txt
Tito_20110802_Imp_M_001_RefA.txt
Tito_20110802_Imp_P_001_RefA.txt

sent 540 bytes  received 21234 bytes  8709.60 bytes/sec
total size is 76842  speedup is 3.53
