receiving incremental file list
Tito_20110826_RSVPVar06_nopos_S110720A_NSP2_P_001.ccf
Tito_20110826_RSVPVar06_nopos_S110720A_NSP2_P_001.nev
Tito_20110826_RSVPVar06_nopos_S110720A_NSP2_P_001.ns5
Tito_20110826_RSVPVar06_nopos_S110720A_NSP2_P_002.ccf
Tito_20110826_RSVPVar06_nopos_S110720A_NSP2_P_002.nev
Tito_20110826_RSVPVar06_nopos_S110720A_NSP2_P_002.ns5
Tito_20110826_RSVPVar06_nopos_S110720A_NSP2_P_003.ccf
Tito_20110826_RSVPVar06_nopos_S110720A_NSP2_P_003.nev
Tito_20110826_RSVPVar06_nopos_S110720A_NSP2_P_003.ns5
Tito_20110826_RSVPVar06_nopos_S110720A_NSP2_P_004.ccf
Tito_20110826_RSVPVar06_nopos_S110720A_NSP2_P_004.nev
Tito_20110826_RSVPVar06_nopos_S110720A_NSP2_P_004.ns5
Tito_20110826_RSVPVar06_nopos_S110720A_NSP2_P_005.ccf
Tito_20110826_RSVPVar06_nopos_S110720A_NSP2_P_005.nev
Tito_20110826_RSVPVar06_nopos_S110720A_NSP2_P_005.ns5
Tito_20110826_RSVPVar06_nopos_S110720A_NSP2_P_006.ccf
Tito_20110826_RSVPVar06_nopos_S110720A_NSP2_P_006.nev
Tito_20110826_RSVPVar06_nopos_S110720A_NSP2_P_006.ns5
Tito_20110826_RSVPVar06_nopos_S110720A_NSP2_P_007.ccf
Tito_20110826_RSVPVar06_nopos_S110720A_NSP2_P_007.nev
Tito_20110826_RSVPVar06_nopos_S110720A_NSP2_P_007.ns5
Tito_20110827_RSVPVar03a_S110720A_NSP2_P_001.ccf
Tito_20110827_RSVPVar03a_S110720A_NSP2_P_001.nev
Tito_20110827_RSVPVar03a_S110720A_NSP2_P_001.ns5
Tito_20110827_RSVPVar03a_S110720A_NSP2_P_002.ccf
Tito_20110827_RSVPVar03a_S110720A_NSP2_P_002.nev
Tito_20110827_RSVPVar03a_S110720A_NSP2_P_002.ns5
Tito_20110827_RSVPVar03a_S110720A_NSP2_P_003.ccf
Tito_20110827_RSVPVar03a_S110720A_NSP2_P_003.nev
Tito_20110827_RSVPVar03a_S110720A_NSP2_P_003.ns5
Tito_20110827_RSVPVar03a_S110720A_NSP2_P_004.ccf
Tito_20110827_RSVPVar03a_S110720A_NSP2_P_004.nev
Tito_20110827_RSVPVar03a_S110720A_NSP2_P_004.ns5
Tito_20110827_RSVPVar03a_S110720A_NSP2_P_005.ccf
Tito_20110827_RSVPVar03a_S110720A_NSP2_P_005.nev
Tito_20110827_RSVPVar03a_S110720A_NSP2_P_005.ns5
Tito_20110827_RSVPVar03a_S110720A_NSP2_P_006.ccf
Tito_20110827_RSVPVar03a_S110720A_NSP2_P_006.nev
Tito_20110827_RSVPVar03a_S110720A_NSP2_P_006.ns5
Tito_20110827_RSVPVar03a_S110720A_NSP2_P_007.ccf
Tito_20110827_RSVPVar03a_S110720A_NSP2_P_007.nev
Tito_20110827_RSVPVar03a_S110720A_NSP2_P_007.ns5
Tito_20110828_RSVPVar03a_S110720A_NSP2_P_001.ccf
Tito_20110828_RSVPVar03a_S110720A_NSP2_P_001.nev
Tito_20110828_RSVPVar03a_S110720A_NSP2_P_001.ns5
Tito_20110828_RSVPVar03a_S110720A_NSP2_P_002.ccf
Tito_20110828_RSVPVar03a_S110720A_NSP2_P_002.nev
Tito_20110828_RSVPVar03a_S110720A_NSP2_P_002.ns5
Tito_20110828_RSVPVar03a_S110720A_NSP2_P_003.ccf
Tito_20110828_RSVPVar03a_S110720A_NSP2_P_003.nev
Tito_20110828_RSVPVar03a_S110720A_NSP2_P_003.ns5
Tito_20110828_RSVPVar03a_S110720A_NSP2_P_004.ccf
Tito_20110828_RSVPVar03a_S110720A_NSP2_P_004.nev
Tito_20110828_RSVPVar03a_S110720A_NSP2_P_004.ns5
Tito_20110828_RSVPVar03a_S110720A_NSP2_P_005.ccf
Tito_20110828_RSVPVar03a_S110720A_NSP2_P_005.nev
Tito_20110828_RSVPVar03a_S110720A_NSP2_P_005.ns5
Tito_20110828_RSVPVar03a_S110720A_NSP2_P_006.ccf
Tito_20110828_RSVPVar03a_S110720A_NSP2_P_006.nev
Tito_20110828_RSVPVar03a_S110720A_NSP2_P_006.ns5
Tito_20110828_RSVPVar03a_S110720A_NSP2_P_007.ccf
Tito_20110828_RSVPVar03a_S110720A_NSP2_P_007.nev
Tito_20110828_RSVPVar03a_S110720A_NSP2_P_007.ns5
Tito_20110829_RSVPVar06_nopos_S110720A_NSP2_P_001.ccf
Tito_20110829_RSVPVar06_nopos_S110720A_NSP2_P_001.nev
Tito_20110829_RSVPVar06_nopos_S110720A_NSP2_P_001.ns5
Tito_20110829_RSVPVar06_nopos_S110720A_NSP2_P_002.ccf
Tito_20110829_RSVPVar06_nopos_S110720A_NSP2_P_002.nev
Tito_20110829_RSVPVar06_nopos_S110720A_NSP2_P_002.ns5
Tito_20110829_RSVPVar06_nopos_S110720A_NSP2_P_003.ccf
Tito_20110829_RSVPVar06_nopos_S110720A_NSP2_P_003.nev
Tito_20110829_RSVPVar06_nopos_S110720A_NSP2_P_003.ns5
Tito_20110829_RSVPVar06_nopos_S110720A_NSP2_P_004.ccf
Tito_20110829_RSVPVar06_nopos_S110720A_NSP2_P_004.nev
Tito_20110829_RSVPVar06_nopos_S110720A_NSP2_P_004.ns5
Tito_20110829_RSVPVar06_nopos_S110720A_NSP2_P_005.ccf
Tito_20110829_RSVPVar06_nopos_S110720A_NSP2_P_005.nev
Tito_20110829_RSVPVar06_nopos_S110720A_NSP2_P_005.ns5
Tito_20110829_RSVPVar06_nopos_S110720A_NSP2_P_006.ccf
Tito_20110829_RSVPVar06_nopos_S110720A_NSP2_P_006.nev
Tito_20110829_RSVPVar06_nopos_S110720A_NSP2_P_006.ns5

sent 1566 bytes  received 122826507491 bytes  2671390.09 bytes/sec
total size is 177928617589  speedup is 1.45
