receiving incremental file list
Tito_20111002_RF_8deg_S110720A_NSP2_P_001.ccf
Tito_20111002_RF_8deg_S110720A_NSP2_P_001.nev
Tito_20111002_RF_8deg_S110720A_NSP2_P_001.ns5
Tito_20111002_RSVPVOC2011trainval_sp0_S110720A_NSP2_P_001.ccf
Tito_20111002_RSVPVOC2011trainval_sp0_S110720A_NSP2_P_001.nev
Tito_20111002_RSVPVOC2011trainval_sp0_S110720A_NSP2_P_001.ns5
Tito_20111002_RSVPVOC2011trainval_sp0_S110720A_NSP2_P_002.ccf
Tito_20111002_RSVPVOC2011trainval_sp0_S110720A_NSP2_P_002.nev
Tito_20111002_RSVPVOC2011trainval_sp0_S110720A_NSP2_P_002.ns5
Tito_20111002_RSVPVOC2011trainval_sp0_S110720A_NSP2_P_011.ccf
Tito_20111002_RSVPVOC2011trainval_sp0_S110720A_NSP2_P_011.nev
Tito_20111002_RSVPVOC2011trainval_sp0_S110720A_NSP2_P_011.ns5
Tito_20111002_RSVPVOC2011trainval_sp1_S110720A_NSP2_P_003.ccf
Tito_20111002_RSVPVOC2011trainval_sp1_S110720A_NSP2_P_003.nev
Tito_20111002_RSVPVOC2011trainval_sp1_S110720A_NSP2_P_003.ns5
Tito_20111002_RSVPVOC2011trainval_sp1_S110720A_NSP2_P_010.ccf
Tito_20111002_RSVPVOC2011trainval_sp1_S110720A_NSP2_P_010.nev
Tito_20111002_RSVPVOC2011trainval_sp1_S110720A_NSP2_P_010.ns5
Tito_20111002_RSVPVOC2011trainval_sp2_S110720A_NSP2_P_004.ccf
Tito_20111002_RSVPVOC2011trainval_sp2_S110720A_NSP2_P_004.nev
Tito_20111002_RSVPVOC2011trainval_sp2_S110720A_NSP2_P_004.ns5
Tito_20111002_RSVPVOC2011trainval_sp2_S110720A_NSP2_P_009.ccf
Tito_20111002_RSVPVOC2011trainval_sp2_S110720A_NSP2_P_009.nev
Tito_20111002_RSVPVOC2011trainval_sp2_S110720A_NSP2_P_009.ns5
Tito_20111002_RSVPVOC2011trainval_sp3_S110720A_NSP2_P_005.ccf
Tito_20111002_RSVPVOC2011trainval_sp3_S110720A_NSP2_P_005.nev
Tito_20111002_RSVPVOC2011trainval_sp3_S110720A_NSP2_P_005.ns5
Tito_20111002_RSVPVOC2011trainval_sp3_S110720A_NSP2_P_008.ccf
Tito_20111002_RSVPVOC2011trainval_sp3_S110720A_NSP2_P_008.nev
Tito_20111002_RSVPVOC2011trainval_sp3_S110720A_NSP2_P_008.ns5
Tito_20111002_RSVPVOC2011trainval_sp4_S110720A_NSP2_P_006.ccf
Tito_20111002_RSVPVOC2011trainval_sp4_S110720A_NSP2_P_006.nev
Tito_20111002_RSVPVOC2011trainval_sp4_S110720A_NSP2_P_006.ns5
Tito_20111002_RSVPVOC2011trainval_sp4_S110720A_NSP2_P_007.ccf
Tito_20111002_RSVPVOC2011trainval_sp4_S110720A_NSP2_P_007.nev
Tito_20111002_RSVPVOC2011trainval_sp4_S110720A_NSP2_P_007.ns5

sent 711 bytes  received 80117993466 bytes  2567514.11 bytes/sec
total size is 117844400380  speedup is 1.47
