receiving incremental file list
Tito_20110922_RSVPVar00a_on025_off025_S110720A_NSP2_P_003.ccf
Tito_20110922_RSVPVar00a_on025_off025_S110720A_NSP2_P_003.nev
Tito_20110922_RSVPVar00a_on025_off025_S110720A_NSP2_P_003.ns5
Tito_20110922_RSVPVar00a_on025_off025_S110720A_NSP2_P_004.ccf
Tito_20110922_RSVPVar00a_on025_off025_S110720A_NSP2_P_004.nev
Tito_20110922_RSVPVar00a_on025_off025_S110720A_NSP2_P_004.ns5
Tito_20110922_RSVPVar00a_on025_off025_S110720A_NSP2_P_005.ccf
Tito_20110922_RSVPVar00a_on025_off025_S110720A_NSP2_P_005.nev
Tito_20110922_RSVPVar00a_on025_off025_S110720A_NSP2_P_005.ns5
Tito_20110922_RSVPVar00a_on025_off025_S110720A_NSP2_P_006.ccf
Tito_20110922_RSVPVar00a_on025_off025_S110720A_NSP2_P_006.nev
Tito_20110922_RSVPVar00a_on025_off025_S110720A_NSP2_P_006.ns5
Tito_20110922_RSVPVar00a_on025_off100_S110720A_NSP2_P_001.ccf
Tito_20110922_RSVPVar00a_on025_off100_S110720A_NSP2_P_001.nev
Tito_20110922_RSVPVar00a_on025_off100_S110720A_NSP2_P_001.ns5
Tito_20110922_RSVPVar00a_on025_off100_S110720A_NSP2_P_002.ccf
Tito_20110922_RSVPVar00a_on025_off100_S110720A_NSP2_P_002.nev
Tito_20110922_RSVPVar00a_on025_off100_S110720A_NSP2_P_002.ns5

sent 369 bytes  received 40619040541 bytes  2468567.32 bytes/sec
total size is 59583090538  speedup is 1.47
