receiving file list ... done
Tito_20110826_RSVPVar06_nopos_S110720A_001.mwk
Tito_20110826_RSVPVar06_nopos_S110720A_002.mwk
Tito_20110826_RSVPVar06_nopos_S110720A_003.mwk
Tito_20110826_RSVPVar06_nopos_S110720A_004.mwk
Tito_20110826_RSVPVar06_nopos_S110720A_005.mwk
Tito_20110826_RSVPVar06_nopos_S110720A_006.mwk
Tito_20110826_RSVPVar06_nopos_S110720A_007.mwk
Tito_20110827_RSVPVar03a_S110720A_001.mwk
Tito_20110827_RSVPVar03a_S110720A_002.mwk
Tito_20110827_RSVPVar03a_S110720A_003.mwk
Tito_20110827_RSVPVar03a_S110720A_004.mwk
Tito_20110827_RSVPVar03a_S110720A_005.mwk
Tito_20110827_RSVPVar03a_S110720A_006.mwk
Tito_20110827_RSVPVar03a_S110720A_007.mwk
Tito_20110828_RSVPVar03a_S110720A_001.mwk
Tito_20110828_RSVPVar03a_S110720A_002.mwk
Tito_20110828_RSVPVar03a_S110720A_003.mwk
Tito_20110828_RSVPVar03a_S110720A_004.mwk
Tito_20110828_RSVPVar03a_S110720A_005.mwk
Tito_20110828_RSVPVar03a_S110720A_006.mwk
Tito_20110828_RSVPVar03a_S110720A_007.mwk
Tito_20110829_RSVPVar06_nopos_S110720A_001.mwk
Tito_20110829_RSVPVar06_nopos_S110720A_002.mwk
Tito_20110829_RSVPVar06_nopos_S110720A_003.mwk
Tito_20110829_RSVPVar06_nopos_S110720A_004.mwk
Tito_20110829_RSVPVar06_nopos_S110720A_005.mwk
Tito_20110829_RSVPVar06_nopos_S110720A_006.mwk

sent 630 bytes  received 628695378 bytes  3917109.08 bytes/sec
total size is 1854690928  speedup is 2.95
