receiving incremental file list
Tito_20111009_RSVPVOC2011test_sp0_S110720A_001.ccf
Tito_20111009_RSVPVOC2011test_sp0_S110720A_001.nev
Tito_20111009_RSVPVOC2011test_sp0_S110720A_001.ns5
Tito_20111009_RSVPVOC2011test_sp0_S110720A_002.ccf
Tito_20111009_RSVPVOC2011test_sp0_S110720A_002.nev
Tito_20111009_RSVPVOC2011test_sp0_S110720A_002.ns5
Tito_20111009_RSVPVOC2011test_sp0_S110720A_003.ccf
Tito_20111009_RSVPVOC2011test_sp0_S110720A_003.nev
Tito_20111009_RSVPVOC2011test_sp0_S110720A_003.ns5
Tito_20111009_RSVPVOC2011test_sp0_S110720A_004.ccf
Tito_20111009_RSVPVOC2011test_sp0_S110720A_004.nev
Tito_20111009_RSVPVOC2011test_sp0_S110720A_004.ns5
Tito_20111009_RSVPVOC2011test_sp0_S110720A_013.ccf
Tito_20111009_RSVPVOC2011test_sp0_S110720A_013.nev
Tito_20111009_RSVPVOC2011test_sp0_S110720A_013.ns5
Tito_20111009_RSVPVOC2011test_sp1_S110720A_005.ccf
Tito_20111009_RSVPVOC2011test_sp1_S110720A_005.nev
Tito_20111009_RSVPVOC2011test_sp1_S110720A_005.ns5
Tito_20111009_RSVPVOC2011test_sp1_S110720A_012.ccf
Tito_20111009_RSVPVOC2011test_sp1_S110720A_012.nev
Tito_20111009_RSVPVOC2011test_sp1_S110720A_012.ns5
Tito_20111009_RSVPVOC2011test_sp2_S110720A_006.ccf
Tito_20111009_RSVPVOC2011test_sp2_S110720A_006.nev
Tito_20111009_RSVPVOC2011test_sp2_S110720A_006.ns5
Tito_20111009_RSVPVOC2011test_sp2_S110720A_011.ccf
Tito_20111009_RSVPVOC2011test_sp2_S110720A_011.nev
Tito_20111009_RSVPVOC2011test_sp2_S110720A_011.ns5
Tito_20111009_RSVPVOC2011test_sp3_S110720A_007.ccf
Tito_20111009_RSVPVOC2011test_sp3_S110720A_007.nev
Tito_20111009_RSVPVOC2011test_sp3_S110720A_007.ns5
Tito_20111009_RSVPVOC2011test_sp3_S110720A_010.ccf
Tito_20111009_RSVPVOC2011test_sp3_S110720A_010.nev
Tito_20111009_RSVPVOC2011test_sp3_S110720A_010.ns5
Tito_20111009_RSVPVOC2011test_sp4_S110720A_008.ccf
Tito_20111009_RSVPVOC2011test_sp4_S110720A_008.nev
Tito_20111009_RSVPVOC2011test_sp4_S110720A_008.ns5
Tito_20111009_RSVPVOC2011test_sp4_S110720A_009.ccf
Tito_20111009_RSVPVOC2011test_sp4_S110720A_009.nev
Tito_20111009_RSVPVOC2011test_sp4_S110720A_009.ns5
Tito_20111009_RSVPVOC2011test_spm_S110720A_015.ccf
Tito_20111009_RSVPVOC2011test_spm_S110720A_015.nev
Tito_20111009_RSVPVOC2011test_spm_S110720A_015.ns5
Tito_20111009_RSVPVOC2011trainval_spm_S110720A_014.ccf
Tito_20111009_RSVPVOC2011trainval_spm_S110720A_014.nev
Tito_20111009_RSVPVOC2011trainval_spm_S110720A_014.ns5

sent 882 bytes  received 120226304742 bytes  2511385.57 bytes/sec
total size is 168622867661  speedup is 1.40
