receiving incremental file list
Tito_20110824_RSVPVar06_nopos_S110720A_001.ccf
Tito_20110824_RSVPVar06_nopos_S110720A_001.nev
Tito_20110824_RSVPVar06_nopos_S110720A_001.ns5
Tito_20110824_RSVPVar06_nopos_S110720A_002.ccf
Tito_20110824_RSVPVar06_nopos_S110720A_002.nev
Tito_20110824_RSVPVar06_nopos_S110720A_002.ns5
Tito_20110824_RSVPVar06_nopos_S110720A_003.ccf
Tito_20110824_RSVPVar06_nopos_S110720A_003.nev
Tito_20110824_RSVPVar06_nopos_S110720A_003.ns5
Tito_20110824_RSVPVar06_nopos_S110720A_004.ccf
Tito_20110824_RSVPVar06_nopos_S110720A_004.nev
Tito_20110824_RSVPVar06_nopos_S110720A_004.ns5
Tito_20110824_RSVPVar06_nopos_S110720A_005.ccf
Tito_20110824_RSVPVar06_nopos_S110720A_005.nev
Tito_20110824_RSVPVar06_nopos_S110720A_005.ns5
Tito_20110824_RSVPVar06_nopos_S110720A_006.ccf
Tito_20110824_RSVPVar06_nopos_S110720A_006.nev
Tito_20110824_RSVPVar06_nopos_S110720A_006.ns5
Tito_20110824_RSVPVar06_nopos_S110720A_007.ccf
Tito_20110824_RSVPVar06_nopos_S110720A_007.nev
Tito_20110824_RSVPVar06_nopos_S110720A_007.ns5

sent 426 bytes  received 47132028997 bytes  2482920.03 bytes/sec
total size is 66242924581  speedup is 1.41
