receiving incremental file list
Tito_20130420_CrossTalk_A_RefP_NSP2_001.txt
Tito_20130420_CrossTalk_M_RefA_NSP2_001.txt
Tito_20130420_CrossTalk_P_RefA_NSP2_001.txt
Tito_20130420_Imp_A_RefP_NSP2_001.txt
Tito_20130420_Imp_M_RefA_NSP2_001.txt
Tito_20130420_Imp_P_RefA_NSP2_001.txt
Tito_20130421_CrossTalk_A_RefP_NSP2_001.txt
Tito_20130421_CrossTalk_M_RefA_NSP2_001.txt
Tito_20130421_CrossTalk_P_RefA_NSP2_001.txt
Tito_20130421_Imp_A_RefP_NSP2_001.txt
Tito_20130421_Imp_M_RefA_NSP2_001.txt
Tito_20130421_Imp_P_RefA_NSP2_001.txt
Tito_20130422_CrossTalk_A_RefP_NSP2_001.txt
Tito_20130422_CrossTalk_M_RefA_NSP2_001.txt
Tito_20130422_CrossTalk_P_RefA_NSP2_001.txt
Tito_20130422_Imp_A_RefP_NSP2_001.txt
Tito_20130422_Imp_M_RefA_NSP2_001.txt
Tito_20130422_Imp_P_RefA_NSP2_001.txt

sent 369 bytes  received 12865 bytes  5293.60 bytes/sec
total size is 119259  speedup is 9.01
