receiving incremental file list
Tito_20130415_RSVPVar06a_M+P_NSP2_P_001.ccf
Tito_20130415_RSVPVar06a_M+P_NSP2_P_001.nev
Tito_20130415_RSVPVar06a_M+P_NSP2_P_001.ns5
Tito_20130415_RSVPVar06a_M+P_NSP2_P_002.ccf
Tito_20130415_RSVPVar06a_M+P_NSP2_P_002.nev
Tito_20130415_RSVPVar06a_M+P_NSP2_P_002.ns5
Tito_20130415_RSVPVar06a_M+P_NSP2_P_003.ccf
Tito_20130415_RSVPVar06a_M+P_NSP2_P_003.nev
Tito_20130415_RSVPVar06a_M+P_NSP2_P_003.ns5
Tito_20130415_RSVPVar06a_P+A_NSP2_A_004.ccf
Tito_20130415_RSVPVar06a_P+A_NSP2_A_004.nev
Tito_20130415_RSVPVar06a_P+A_NSP2_A_004.ns5
Tito_20130415_RSVPVar06a_P+A_NSP2_A_005.ccf
Tito_20130415_RSVPVar06a_P+A_NSP2_A_005.nev
Tito_20130415_RSVPVar06a_P+A_NSP2_A_005.ns5
Tito_20130415_RSVPVar06a_P+A_NSP2_A_006.ccf
Tito_20130415_RSVPVar06a_P+A_NSP2_A_006.nev
Tito_20130415_RSVPVar06a_P+A_NSP2_A_006.ns5
Tito_20130415_RSVPVar06a_P+A_NSP2_A_007.ccf
Tito_20130415_RSVPVar06a_P+A_NSP2_A_007.nev
Tito_20130415_RSVPVar06a_P+A_NSP2_A_007.ns5
Tito_20130415_RSVPVar06a_P+A_NSP2_A_008.ccf
Tito_20130415_RSVPVar06a_P+A_NSP2_A_008.nev
Tito_20130415_RSVPVar06a_P+A_NSP2_A_008.ns5
Tito_20130415_RSVPVar06a_P+A_NSP2_A_009.ccf
Tito_20130415_RSVPVar06a_P+A_NSP2_A_009.nev
Tito_20130415_RSVPVar06a_P+A_NSP2_A_009.ns5

sent 540 bytes  received 76955751377 bytes  3138937.12 bytes/sec
total size is 118134978919  speedup is 1.54
