receiving incremental file list
Tito_20130418_001_RSVPVar06a_S130404+M_NSP2_M.ccf
Tito_20130418_001_RSVPVar06a_S130404+M_NSP2_M.nev
Tito_20130418_001_RSVPVar06a_S130404+M_NSP2_M.ns5
Tito_20130418_002_RSVPVar06a_S130404+M_NSP2_M.ccf
Tito_20130418_002_RSVPVar06a_S130404+M_NSP2_M.nev
Tito_20130418_002_RSVPVar06a_S130404+M_NSP2_M.ns5
Tito_20130418_003_RSVPVar06a_S130404+M_NSP2_M.ccf
Tito_20130418_003_RSVPVar06a_S130404+M_NSP2_M.nev
Tito_20130418_003_RSVPVar06a_S130404+M_NSP2_M.ns5
Tito_20130418_004_RSVPVar06a_S130404+M_NSP2_M.ccf
Tito_20130418_004_RSVPVar06a_S130404+M_NSP2_M.nev
Tito_20130418_004_RSVPVar06a_S130404+M_NSP2_M.ns5
Tito_20130418_005_RSVPVar06a_S130404+M_NSP2_M.ccf
Tito_20130418_005_RSVPVar06a_S130404+M_NSP2_M.nev
Tito_20130418_005_RSVPVar06a_S130404+M_NSP2_M.ns5
Tito_20130418_006_RSVPVar06a_S130404+M_NSP2_M.ccf
Tito_20130418_006_RSVPVar06a_S130404+M_NSP2_M.nev
Tito_20130418_006_RSVPVar06a_S130404+M_NSP2_M.ns5
Tito_20130418_007_RSVPVar06a_S130404+M_NSP2_M.ccf
Tito_20130418_007_RSVPVar06a_S130404+M_NSP2_M.nev
Tito_20130418_007_RSVPVar06a_S130404+M_NSP2_M.ns5
Tito_20130418_008_RSVPVar06a_S130404+M_NSP2_M.ccf
Tito_20130418_008_RSVPVar06a_S130404+M_NSP2_M.nev
Tito_20130418_008_RSVPVar06a_S130404+M_NSP2_M.ns5

sent 483 bytes  received 47590909514 bytes  2447399.66 bytes/sec
total size is 67505527360  speedup is 1.42
