receiving file list ... done
Tito_20130404_RSVPNicole10x6_A+M_002.mwk
Tito_20130404_RSVPNicole10x6_P+A_003.mwk
Tito_20130404_RSVPNicole305_A+M_001.mwk
Tito_20130404_RSVPNicole305_P+A_004.mwk
Tito_20130404_RSVPNicole305_P+A_005.mwk
Tito_20130404_RSVPVar00a_A+M_008.mwk
Tito_20130404_RSVPVar00a_A+M_009.mwk
Tito_20130404_RSVPVar00a_M+P_010.mwk
Tito_20130404_RSVPVar00a_P+A_006.mwk
Tito_20130404_RSVPVar00a_P+A_007.mwk
Tito_20130405_RSVPVar00a_A+M_008.mwk
Tito_20130405_RSVPVar00a_A+M_009.mwk
Tito_20130405_RSVPVar00a_A+M_010.mwk
Tito_20130405_RSVPVar00a_A+M_011.mwk
Tito_20130405_RSVPVar00a_M+P_001.mwk
Tito_20130405_RSVPVar00a_M+P_002.mwk
Tito_20130405_RSVPVar00a_M+P_003.mwk
Tito_20130405_RSVPVar00a_M+P_004.mwk
Tito_20130405_RSVPVar00a_M+P_013.mwk
Tito_20130405_RSVPVar00a_P+A_005.mwk
Tito_20130405_RSVPVar00a_P+A_006.mwk
Tito_20130405_RSVPVar00a_P+A_007.mwk
Tito_20130405_RSVPVar00a_P+A_012.mwk
Tito_20130405_RSVPVar03a_M+P_014.mwk

sent 564 bytes  received 839801279 bytes  3740765.45 bytes/sec
total size is 2378357203  speedup is 2.83
