receiving incremental file list
Tito_20130401_RSVPNicole305_A+M_NSP2_M_001.ccf
Tito_20130401_RSVPNicole305_A+M_NSP2_M_001.nev
Tito_20130401_RSVPNicole305_A+M_NSP2_M_001.ns5
Tito_20130401_RSVPNicole305_M+P_NSP2_P_002.ccf
Tito_20130401_RSVPNicole305_M+P_NSP2_P_002.nev
Tito_20130401_RSVPNicole305_M+P_NSP2_P_002.ns5
Tito_20130402_RSVPNicole305_8deg_A+M_NSP2_M_001.ccf
Tito_20130402_RSVPNicole305_8deg_A+M_NSP2_M_001.nev
Tito_20130402_RSVPNicole305_8deg_A+M_NSP2_M_001.ns5
Tito_20130402_RSVPNicole305_8deg_A+M_NSP2_M_005.ccf
Tito_20130402_RSVPNicole305_8deg_A+M_NSP2_M_005.nev
Tito_20130402_RSVPNicole305_8deg_A+M_NSP2_M_005.ns5
Tito_20130402_RSVPNicole305_8deg_M+P_NSP2_P_002.ccf
Tito_20130402_RSVPNicole305_8deg_M+P_NSP2_P_002.nev
Tito_20130402_RSVPNicole305_8deg_M+P_NSP2_P_002.ns5
Tito_20130402_RSVPNicole305_8deg_M+P_NSP2_P_006.ccf
Tito_20130402_RSVPNicole305_8deg_M+P_NSP2_P_006.nev
Tito_20130402_RSVPNicole305_8deg_M+P_NSP2_P_006.ns5
Tito_20130402_RSVPNicole305_8deg_M+P_NSP2_P_007.ccf
Tito_20130402_RSVPNicole305_8deg_M+P_NSP2_P_007.nev
Tito_20130402_RSVPNicole305_8deg_M+P_NSP2_P_007.ns5
Tito_20130402_RSVPNicole305_8deg_P+A_NSP2_A_003.ccf
Tito_20130402_RSVPNicole305_8deg_P+A_NSP2_A_003.nev
Tito_20130402_RSVPNicole305_8deg_P+A_NSP2_A_003.ns5

sent 483 bytes  received 81673598437 bytes  2579098.41 bytes/sec
total size is 117554389176  speedup is 1.44
