receiving incremental file list
Tito_20130411_RSVPVar06a_A+M_NSP2_M_001.ccf
Tito_20130411_RSVPVar06a_A+M_NSP2_M_001.nev
Tito_20130411_RSVPVar06a_A+M_NSP2_M_001.ns5
Tito_20130411_RSVPVar06a_A+M_NSP2_M_002.ccf
Tito_20130411_RSVPVar06a_A+M_NSP2_M_002.nev
Tito_20130411_RSVPVar06a_A+M_NSP2_M_002.ns5
Tito_20130411_RSVPVar06a_A+M_NSP2_M_003.ccf
Tito_20130411_RSVPVar06a_A+M_NSP2_M_003.nev
Tito_20130411_RSVPVar06a_A+M_NSP2_M_003.ns5
Tito_20130411_RSVPVar06a_P+A_NSP2_A_004.ccf
Tito_20130411_RSVPVar06a_P+A_NSP2_A_004.nev
Tito_20130411_RSVPVar06a_P+A_NSP2_A_004.ns5
Tito_20130411_RSVPVar06a_P+A_NSP2_A_005.ccf
Tito_20130411_RSVPVar06a_P+A_NSP2_A_005.nev
Tito_20130411_RSVPVar06a_P+A_NSP2_A_005.ns5
Tito_20130411_RSVPVar06a_P+A_NSP2_A_006.ccf
Tito_20130411_RSVPVar06a_P+A_NSP2_A_006.nev
Tito_20130411_RSVPVar06a_P+A_NSP2_A_006.ns5

sent 369 bytes  received 94446717858 bytes  2637108.38 bytes/sec
total size is 140338669618  speedup is 1.49
