receiving incremental file list
Tito_20130411_RSVPVar06a_A+M_NSP1_A_001.ccf
Tito_20130411_RSVPVar06a_A+M_NSP1_A_001.nev
Tito_20130411_RSVPVar06a_A+M_NSP1_A_001.ns5
Tito_20130411_RSVPVar06a_A+M_NSP1_A_002.ccf
Tito_20130411_RSVPVar06a_A+M_NSP1_A_002.nev
Tito_20130411_RSVPVar06a_A+M_NSP1_A_002.ns5
Tito_20130411_RSVPVar06a_A+M_NSP1_A_003.ccf
Tito_20130411_RSVPVar06a_A+M_NSP1_A_003.nev
Tito_20130411_RSVPVar06a_A+M_NSP1_A_003.ns5
Tito_20130411_RSVPVar06a_P+A_NSP1_P_004.ccf
Tito_20130411_RSVPVar06a_P+A_NSP1_P_004.nev
Tito_20130411_RSVPVar06a_P+A_NSP1_P_004.ns5
Tito_20130411_RSVPVar06a_P+A_NSP1_P_005.ccf
Tito_20130411_RSVPVar06a_P+A_NSP1_P_005.nev
Tito_20130411_RSVPVar06a_P+A_NSP1_P_005.ns5
Tito_20130411_RSVPVar06a_P+A_NSP1_P_006.ccf
Tito_20130411_RSVPVar06a_P+A_NSP1_P_006.nev
Tito_20130411_RSVPVar06a_P+A_NSP1_P_006.ns5

sent 369 bytes  received 91102362182 bytes  2834768.19 bytes/sec
total size is 140295682234  speedup is 1.54
