receiving incremental file list
Tito_20130404_RSVPNicole10x6_A+M_NSP2_M_002.ccf
Tito_20130404_RSVPNicole10x6_A+M_NSP2_M_002.nev
Tito_20130404_RSVPNicole10x6_A+M_NSP2_M_002.ns5
Tito_20130404_RSVPNicole10x6_P+A_NSP2_A_003.ccf
Tito_20130404_RSVPNicole10x6_P+A_NSP2_A_003.nev
Tito_20130404_RSVPNicole10x6_P+A_NSP2_A_003.ns5
Tito_20130404_RSVPNicole305_A+M_NSP2_M_001.ccf
Tito_20130404_RSVPNicole305_A+M_NSP2_M_001.nev
Tito_20130404_RSVPNicole305_A+M_NSP2_M_001.ns5
Tito_20130404_RSVPNicole305_P+A_NSP2_A_004.ccf
Tito_20130404_RSVPNicole305_P+A_NSP2_A_004.nev
Tito_20130404_RSVPNicole305_P+A_NSP2_A_004.ns5
Tito_20130404_RSVPNicole305_P+A_NSP2_A_005.ccf
Tito_20130404_RSVPNicole305_P+A_NSP2_A_005.nev
Tito_20130404_RSVPNicole305_P+A_NSP2_A_005.ns5
Tito_20130404_RSVPVar00a_A+M_NSP2_M_008.ccf
Tito_20130404_RSVPVar00a_A+M_NSP2_M_008.nev
Tito_20130404_RSVPVar00a_A+M_NSP2_M_008.ns5
Tito_20130404_RSVPVar00a_A+M_NSP2_M_009.ccf
Tito_20130404_RSVPVar00a_A+M_NSP2_M_009.nev
Tito_20130404_RSVPVar00a_A+M_NSP2_M_009.ns5
Tito_20130404_RSVPVar00a_M+P_NSP2_P_010.ccf
Tito_20130404_RSVPVar00a_M+P_NSP2_P_010.nev
Tito_20130404_RSVPVar00a_M+P_NSP2_P_010.ns5
Tito_20130404_RSVPVar00a_P+A_NSP2_A_006.ccf
Tito_20130404_RSVPVar00a_P+A_NSP2_A_006.nev
Tito_20130404_RSVPVar00a_P+A_NSP2_A_006.ns5
Tito_20130404_RSVPVar00a_P+A_NSP2_A_007.ccf
Tito_20130404_RSVPVar00a_P+A_NSP2_A_007.nev
Tito_20130404_RSVPVar00a_P+A_NSP2_A_007.ns5
Tito_20130405_RSVPVar00a_A+M_NSP2_M_008.ccf
Tito_20130405_RSVPVar00a_A+M_NSP2_M_008.nev
Tito_20130405_RSVPVar00a_A+M_NSP2_M_008.ns5
Tito_20130405_RSVPVar00a_A+M_NSP2_M_009.ccf
Tito_20130405_RSVPVar00a_A+M_NSP2_M_009.nev
Tito_20130405_RSVPVar00a_A+M_NSP2_M_009.ns5
Tito_20130405_RSVPVar00a_A+M_NSP2_M_010.ccf
Tito_20130405_RSVPVar00a_A+M_NSP2_M_010.nev
Tito_20130405_RSVPVar00a_A+M_NSP2_M_010.ns5
Tito_20130405_RSVPVar00a_A+M_NSP2_M_011.ccf
Tito_20130405_RSVPVar00a_A+M_NSP2_M_011.nev
Tito_20130405_RSVPVar00a_A+M_NSP2_M_011.ns5
Tito_20130405_RSVPVar00a_M+P_NSP2_P_001.ccf
Tito_20130405_RSVPVar00a_M+P_NSP2_P_001.nev
Tito_20130405_RSVPVar00a_M+P_NSP2_P_001.ns5
Tito_20130405_RSVPVar00a_M+P_NSP2_P_002.ccf
Tito_20130405_RSVPVar00a_M+P_NSP2_P_002.nev
Tito_20130405_RSVPVar00a_M+P_NSP2_P_002.ns5
Tito_20130405_RSVPVar00a_M+P_NSP2_P_003.ccf
Tito_20130405_RSVPVar00a_M+P_NSP2_P_003.nev
Tito_20130405_RSVPVar00a_M+P_NSP2_P_003.ns5
Tito_20130405_RSVPVar00a_M+P_NSP2_P_004.ccf
Tito_20130405_RSVPVar00a_M+P_NSP2_P_004.nev
Tito_20130405_RSVPVar00a_M+P_NSP2_P_004.ns5
Tito_20130405_RSVPVar00a_M+P_NSP2_P_013.ccf
Tito_20130405_RSVPVar00a_M+P_NSP2_P_013.nev
Tito_20130405_RSVPVar00a_M+P_NSP2_P_013.ns5
Tito_20130405_RSVPVar00a_P+A_NSP2_A_005.ccf
Tito_20130405_RSVPVar00a_P+A_NSP2_A_005.nev
Tito_20130405_RSVPVar00a_P+A_NSP2_A_005.ns5
Tito_20130405_RSVPVar00a_P+A_NSP2_A_006.ccf
Tito_20130405_RSVPVar00a_P+A_NSP2_A_006.nev
Tito_20130405_RSVPVar00a_P+A_NSP2_A_006.ns5
Tito_20130405_RSVPVar00a_P+A_NSP2_A_007.ccf
Tito_20130405_RSVPVar00a_P+A_NSP2_A_007.nev
Tito_20130405_RSVPVar00a_P+A_NSP2_A_007.ns5
Tito_20130405_RSVPVar00a_P+A_NSP2_A_012.ccf
Tito_20130405_RSVPVar00a_P+A_NSP2_A_012.nev
Tito_20130405_RSVPVar00a_P+A_NSP2_A_012.ns5

sent 1338 bytes  received 171731809885 bytes  2654832.33 bytes/sec
total size is 255464204985  speedup is 1.49
