receiving incremental file list
Tito_20130404_RSVPNicole10x6_A+M_NSP1_A_002.ccf
Tito_20130404_RSVPNicole10x6_A+M_NSP1_A_002.nev
Tito_20130404_RSVPNicole10x6_A+M_NSP1_A_002.ns5
Tito_20130404_RSVPNicole10x6_P+A_NSP1_P_003.ccf
Tito_20130404_RSVPNicole10x6_P+A_NSP1_P_003.nev
Tito_20130404_RSVPNicole10x6_P+A_NSP1_P_003.ns5
Tito_20130404_RSVPNicole305_A+M_NSP1_A_001.ccf
Tito_20130404_RSVPNicole305_A+M_NSP1_A_001.nev
Tito_20130404_RSVPNicole305_A+M_NSP1_A_001.ns5
Tito_20130404_RSVPNicole305_P+A_NSP1_P_004.ccf
Tito_20130404_RSVPNicole305_P+A_NSP1_P_004.nev
Tito_20130404_RSVPNicole305_P+A_NSP1_P_004.ns5
Tito_20130404_RSVPNicole305_P+A_NSP1_P_005.ccf
Tito_20130404_RSVPNicole305_P+A_NSP1_P_005.nev
Tito_20130404_RSVPNicole305_P+A_NSP1_P_005.ns5
Tito_20130404_RSVPVar00a_A+M_NSP1_A_008.ccf
Tito_20130404_RSVPVar00a_A+M_NSP1_A_008.nev
Tito_20130404_RSVPVar00a_A+M_NSP1_A_008.ns5
Tito_20130404_RSVPVar00a_A+M_NSP1_A_009.ccf
Tito_20130404_RSVPVar00a_A+M_NSP1_A_009.nev
Tito_20130404_RSVPVar00a_A+M_NSP1_A_009.ns5
Tito_20130404_RSVPVar00a_M+P_NSP1_M_010.ccf
Tito_20130404_RSVPVar00a_M+P_NSP1_M_010.nev
Tito_20130404_RSVPVar00a_M+P_NSP1_M_010.ns5
Tito_20130404_RSVPVar00a_P+A_NSP1_P_006.ccf
Tito_20130404_RSVPVar00a_P+A_NSP1_P_006.nev
Tito_20130404_RSVPVar00a_P+A_NSP1_P_006.ns5
Tito_20130404_RSVPVar00a_P+A_NSP1_P_007.ccf
Tito_20130404_RSVPVar00a_P+A_NSP1_P_007.nev
Tito_20130404_RSVPVar00a_P+A_NSP1_P_007.ns5
Tito_20130405_RSVPVar00a_A+M_NSP1_A_008.ccf
Tito_20130405_RSVPVar00a_A+M_NSP1_A_008.nev
Tito_20130405_RSVPVar00a_A+M_NSP1_A_008.ns5
Tito_20130405_RSVPVar00a_A+M_NSP1_A_009.ccf
Tito_20130405_RSVPVar00a_A+M_NSP1_A_009.nev
Tito_20130405_RSVPVar00a_A+M_NSP1_A_009.ns5
Tito_20130405_RSVPVar00a_A+M_NSP1_A_010.ccf
Tito_20130405_RSVPVar00a_A+M_NSP1_A_010.nev
Tito_20130405_RSVPVar00a_A+M_NSP1_A_010.ns5
Tito_20130405_RSVPVar00a_A+M_NSP1_A_011.ccf
Tito_20130405_RSVPVar00a_A+M_NSP1_A_011.nev
Tito_20130405_RSVPVar00a_A+M_NSP1_A_011.ns5
Tito_20130405_RSVPVar00a_M+P_NSP1_M_001.ccf
Tito_20130405_RSVPVar00a_M+P_NSP1_M_001.nev
Tito_20130405_RSVPVar00a_M+P_NSP1_M_001.ns5
Tito_20130405_RSVPVar00a_M+P_NSP1_M_002.ccf
Tito_20130405_RSVPVar00a_M+P_NSP1_M_002.nev
Tito_20130405_RSVPVar00a_M+P_NSP1_M_002.ns5
Tito_20130405_RSVPVar00a_M+P_NSP1_M_003.ccf
Tito_20130405_RSVPVar00a_M+P_NSP1_M_003.nev
Tito_20130405_RSVPVar00a_M+P_NSP1_M_003.ns5
Tito_20130405_RSVPVar00a_M+P_NSP1_M_004.ccf
Tito_20130405_RSVPVar00a_M+P_NSP1_M_004.nev
Tito_20130405_RSVPVar00a_M+P_NSP1_M_004.ns5
Tito_20130405_RSVPVar00a_M+P_NSP1_M_013.ccf
Tito_20130405_RSVPVar00a_M+P_NSP1_M_013.nev
Tito_20130405_RSVPVar00a_M+P_NSP1_M_013.ns5
Tito_20130405_RSVPVar00a_P+A_NSP1_P_005.ccf
Tito_20130405_RSVPVar00a_P+A_NSP1_P_005.nev
Tito_20130405_RSVPVar00a_P+A_NSP1_P_005.ns5
Tito_20130405_RSVPVar00a_P+A_NSP1_P_006.ccf
Tito_20130405_RSVPVar00a_P+A_NSP1_P_006.nev
Tito_20130405_RSVPVar00a_P+A_NSP1_P_006.ns5
Tito_20130405_RSVPVar00a_P+A_NSP1_P_007.ccf
Tito_20130405_RSVPVar00a_P+A_NSP1_P_007.nev
Tito_20130405_RSVPVar00a_P+A_NSP1_P_007.ns5
Tito_20130405_RSVPVar00a_P+A_NSP1_P_012.ccf
Tito_20130405_RSVPVar00a_P+A_NSP1_P_012.nev
Tito_20130405_RSVPVar00a_P+A_NSP1_P_012.ns5

sent 1338 bytes  received 173296998202 bytes  2628121.23 bytes/sec
total size is 255966274137  speedup is 1.48
