receiving incremental file list
Tito_20130418_001_RSVPVar06a_S130404+M_NSP1_S130404.ccf
Tito_20130418_001_RSVPVar06a_S130404+M_NSP1_S130404.nev
Tito_20130418_001_RSVPVar06a_S130404+M_NSP1_S130404.ns5
Tito_20130418_002_RSVPVar06a_S130404+M_NSP1_S130404.ccf
Tito_20130418_002_RSVPVar06a_S130404+M_NSP1_S130404.nev
Tito_20130418_002_RSVPVar06a_S130404+M_NSP1_S130404.ns5
Tito_20130418_003_RSVPVar06a_S130404+M_NSP1_S130404.ccf
Tito_20130418_003_RSVPVar06a_S130404+M_NSP1_S130404.nev
Tito_20130418_003_RSVPVar06a_S130404+M_NSP1_S130404.ns5
Tito_20130418_004_RSVPVar06a_S130404+M_NSP1_S130404.ccf
Tito_20130418_004_RSVPVar06a_S130404+M_NSP1_S130404.nev
Tito_20130418_004_RSVPVar06a_S130404+M_NSP1_S130404.ns5
Tito_20130418_005_RSVPVar06a_S130404+M_NSP1_S130404.ccf
Tito_20130418_005_RSVPVar06a_S130404+M_NSP1_S130404.nev
Tito_20130418_005_RSVPVar06a_S130404+M_NSP1_S130404.ns5
Tito_20130418_006_RSVPVar06a_S130404+M_NSP1_S130404.ccf
Tito_20130418_006_RSVPVar06a_S130404+M_NSP1_S130404.nev
Tito_20130418_006_RSVPVar06a_S130404+M_NSP1_S130404.ns5
Tito_20130418_007_RSVPVar06a_S130404+M_NSP1_S130404.ccf
Tito_20130418_007_RSVPVar06a_S130404+M_NSP1_S130404.nev
Tito_20130418_007_RSVPVar06a_S130404+M_NSP1_S130404.ns5
Tito_20130418_008_RSVPVar06a_S130404+M_NSP1_S130404.ccf
Tito_20130418_008_RSVPVar06a_S130404+M_NSP1_S130404.nev
Tito_20130418_008_RSVPVar06a_S130404+M_NSP1_S130404.ns5

sent 483 bytes  received 63068146000 bytes  2440103.94 bytes/sec
total size is 90383659504  speedup is 1.43
