receiving incremental file list
Tito_20130423_001_RSVPSPr1_S130404+M_NSP1_S130404.ccf
Tito_20130423_001_RSVPSPr1_S130404+M_NSP1_S130404.nev
Tito_20130423_001_RSVPSPr1_S130404+M_NSP1_S130404.ns5
Tito_20130423_002_RSVPSPr2_S130404+M_NSP1_S130404.ccf
Tito_20130423_002_RSVPSPr2_S130404+M_NSP1_S130404.nev
Tito_20130423_002_RSVPSPr2_S130404+M_NSP1_S130404.ns5
Tito_20130507_001_RSVPSPr1_S130404+M_NSP1_S130404.ccf
Tito_20130507_001_RSVPSPr1_S130404+M_NSP1_S130404.nev
Tito_20130507_001_RSVPSPr1_S130404+M_NSP1_S130404.ns5
Tito_20130507_002_RSVPSPr2_S130404+M_NSP1_S130404.ccf
Tito_20130507_002_RSVPSPr2_S130404+M_NSP1_S130404.nev
Tito_20130507_002_RSVPSPr2_S130404+M_NSP1_S130404.ns5
Tito_20130507_003_Nicole305_S130404+M_NSP1_S130404.ccf
Tito_20130507_003_Nicole305_S130404+M_NSP1_S130404.nev
Tito_20130507_003_Nicole305_S130404+M_NSP1_S130404.ns5
Tito_20130507_004_RSVPSPr3_S130404+M_NSP1_S130404.ccf
Tito_20130507_004_RSVPSPr3_S130404+M_NSP1_S130404.nev
Tito_20130507_004_RSVPSPr3_S130404+M_NSP1_S130404.ns5
Tito_20130508_001_RSVPSPr3_S130404+M_NSP1_S130404.ccf
Tito_20130508_001_RSVPSPr3_S130404+M_NSP1_S130404.nev
Tito_20130508_001_RSVPSPr3_S130404+M_NSP1_S130404.ns5
Tito_20130508_002_RSVPSPr3_S130404+M_NSP1_S130404.ccf
Tito_20130508_002_RSVPSPr3_S130404+M_NSP1_S130404.nev
Tito_20130508_002_RSVPSPr3_S130404+M_NSP1_S130404.ns5
Tito_20130508_003_RSVPSPr3_S130404+M_NSP1_S130404.ccf
Tito_20130508_003_RSVPSPr3_S130404+M_NSP1_S130404.nev
Tito_20130508_003_RSVPSPr3_S130404+M_NSP1_S130404.ns5
Tito_20130508_004_RSVPSPr2_S130404+M_NSP1_S130404.ccf
Tito_20130508_004_RSVPSPr2_S130404+M_NSP1_S130404.nev
Tito_20130508_004_RSVPSPr2_S130404+M_NSP1_S130404.ns5
Tito_20130508_005_Nicole305_S130404+M_NSP1_S130404.ccf
Tito_20130508_005_Nicole305_S130404+M_NSP1_S130404.nev
Tito_20130508_005_Nicole305_S130404+M_NSP1_S130404.ns5

sent 654 bytes  received 234889604952 bytes  2430223.48 bytes/sec
total size is 334629669101  speedup is 1.42
