receiving incremental file list
Tito_20130420_001_RSVPSPr1_S130404+M_NSP2_M.ccf
Tito_20130420_001_RSVPSPr1_S130404+M_NSP2_M.nev
Tito_20130420_001_RSVPSPr1_S130404+M_NSP2_M.ns5
Tito_20130420_002_RSVPSPr1_S130404+M_NSP2_M.ccf
Tito_20130420_002_RSVPSPr1_S130404+M_NSP2_M.nev
Tito_20130420_002_RSVPSPr1_S130404+M_NSP2_M.ns5
Tito_20130420_003_RSVPSPr1_S130404+M_NSP2_M.ccf
Tito_20130420_003_RSVPSPr1_S130404+M_NSP2_M.nev
Tito_20130420_003_RSVPSPr1_S130404+M_NSP2_M.ns5
Tito_20130420_004_RSVPSPr2_S130404+M_NSP2_M.ccf
Tito_20130420_004_RSVPSPr2_S130404+M_NSP2_M.nev
Tito_20130420_004_RSVPSPr2_S130404+M_NSP2_M.ns5
Tito_20130420_005_RSVPSPr2_S130404+M_NSP2_M.ccf
Tito_20130420_005_RSVPSPr2_S130404+M_NSP2_M.nev
Tito_20130420_005_RSVPSPr2_S130404+M_NSP2_M.ns5
Tito_20130420_006_RSVPSPr3_S130404+M_NSP2_M.ccf
Tito_20130420_006_RSVPSPr3_S130404+M_NSP2_M.nev
Tito_20130420_006_RSVPSPr3_S130404+M_NSP2_M.ns5
Tito_20130420_007_RSVPSPr3_S130404+M_NSP2_M.ccf
Tito_20130420_007_RSVPSPr3_S130404+M_NSP2_M.nev
Tito_20130420_007_RSVPSPr3_S130404+M_NSP2_M.ns5
Tito_20130420_008_RSVPSPr3_S130404+M_NSP2_M.ccf
Tito_20130420_008_RSVPSPr3_S130404+M_NSP2_M.nev
Tito_20130420_008_RSVPSPr3_S130404+M_NSP2_M.ns5
Tito_20130420_009_RSVPSPr3_S130404+M_NSP2_M.ccf
Tito_20130420_009_RSVPSPr3_S130404+M_NSP2_M.nev
Tito_20130420_009_RSVPSPr3_S130404+M_NSP2_M.ns5
Tito_20130420_010_RSVPSPr1_S130404+M_NSP2_M.ccf
Tito_20130420_010_RSVPSPr1_S130404+M_NSP2_M.nev
Tito_20130420_010_RSVPSPr1_S130404+M_NSP2_M.ns5
Tito_20130421_001_RSVPSPr1_S130404+M_NSP2_M.ccf
Tito_20130421_001_RSVPSPr1_S130404+M_NSP2_M.nev
Tito_20130421_001_RSVPSPr1_S130404+M_NSP2_M.ns5
Tito_20130421_002_RSVPSPr1_S130404+M_NSP2_M.ccf
Tito_20130421_002_RSVPSPr1_S130404+M_NSP2_M.nev
Tito_20130421_002_RSVPSPr1_S130404+M_NSP2_M.ns5
Tito_20130421_003_RSVPSPr2_S130404+M_NSP2_M.ccf
Tito_20130421_003_RSVPSPr2_S130404+M_NSP2_M.nev
Tito_20130421_003_RSVPSPr2_S130404+M_NSP2_M.ns5
Tito_20130421_004_RSVPSPr3_S130404+M_NSP2_M.ccf
Tito_20130421_004_RSVPSPr3_S130404+M_NSP2_M.nev
Tito_20130421_004_RSVPSPr3_S130404+M_NSP2_M.ns5
Tito_20130421_005_RSVPSPr3_S130404+M_NSP2_M.ccf
Tito_20130421_005_RSVPSPr3_S130404+M_NSP2_M.nev
Tito_20130421_005_RSVPSPr3_S130404+M_NSP2_M.ns5
rsync error: received SIGINT, SIGTERM, or SIGHUP (code 20) at rsync.c(549) [receiver=3.0.9]
rsync error: unexplained error (code 130) at rsync.c(549) [generator=3.0.9]
