receiving incremental file list
Tito_20130403_RSVPNicole10x6_8deg_A+M_NSP1_A_005.ccf
Tito_20130403_RSVPNicole10x6_8deg_A+M_NSP1_A_005.nev
Tito_20130403_RSVPNicole10x6_8deg_A+M_NSP1_A_005.ns5
Tito_20130403_RSVPNicole10x6_8deg_M+P_NSP1_M_006.ccf
Tito_20130403_RSVPNicole10x6_8deg_M+P_NSP1_M_006.nev
Tito_20130403_RSVPNicole10x6_8deg_M+P_NSP1_M_006.ns5
Tito_20130403_RSVPNicole10x6_8deg_P+A_NSP1_P_004.ccf
Tito_20130403_RSVPNicole10x6_8deg_P+A_NSP1_P_004.nev
Tito_20130403_RSVPNicole10x6_8deg_P+A_NSP1_P_004.ns5
Tito_20130403_RSVPNicole10x6_M+P_NSP1_M_007.ccf
Tito_20130403_RSVPNicole10x6_M+P_NSP1_M_007.nev
Tito_20130403_RSVPNicole10x6_M+P_NSP1_M_007.ns5
Tito_20130403_RSVPNicole305_8deg_A+M_NSP1_A_001.ccf
Tito_20130403_RSVPNicole305_8deg_A+M_NSP1_A_001.nev
Tito_20130403_RSVPNicole305_8deg_A+M_NSP1_A_001.ns5
Tito_20130403_RSVPNicole305_8deg_A+M_NSP1_A_002.ccf
Tito_20130403_RSVPNicole305_8deg_A+M_NSP1_A_002.nev
Tito_20130403_RSVPNicole305_8deg_A+M_NSP1_A_002.ns5
Tito_20130403_RSVPNicole305_8deg_P+A_NSP1_P_003.ccf
Tito_20130403_RSVPNicole305_8deg_P+A_NSP1_P_003.nev
Tito_20130403_RSVPNicole305_8deg_P+A_NSP1_P_003.ns5
Tito_20130403_RSVPNicole305_A+M_NSP1_A_009.ccf
Tito_20130403_RSVPNicole305_A+M_NSP1_A_009.nev
Tito_20130403_RSVPNicole305_A+M_NSP1_A_009.ns5
Tito_20130403_RSVPNicole305_M+P_NSP1_M_008.ccf
Tito_20130403_RSVPNicole305_M+P_NSP1_M_008.nev
Tito_20130403_RSVPNicole305_M+P_NSP1_M_008.ns5

sent 540 bytes  received 61304970944 bytes  2794910.82 bytes/sec
total size is 94465376111  speedup is 1.54
