receiving incremental file list
Tito_20130403_RSVPNicole10x6_8deg_A+M_NSP2_M_005.ccf
Tito_20130403_RSVPNicole10x6_8deg_A+M_NSP2_M_005.nev
Tito_20130403_RSVPNicole10x6_8deg_A+M_NSP2_M_005.ns5
Tito_20130403_RSVPNicole10x6_8deg_M+P_NSP2_P_006.ccf
Tito_20130403_RSVPNicole10x6_8deg_M+P_NSP2_P_006.nev
Tito_20130403_RSVPNicole10x6_8deg_M+P_NSP2_P_006.ns5
Tito_20130403_RSVPNicole10x6_8deg_P+A_NSP2_A_004.ccf
Tito_20130403_RSVPNicole10x6_8deg_P+A_NSP2_A_004.nev
Tito_20130403_RSVPNicole10x6_8deg_P+A_NSP2_A_004.ns5
Tito_20130403_RSVPNicole10x6_M+P_NSP2_P_007.ccf
Tito_20130403_RSVPNicole10x6_M+P_NSP2_P_007.nev
Tito_20130403_RSVPNicole10x6_M+P_NSP2_P_007.ns5
Tito_20130403_RSVPNicole305_8deg_A+M_NSP2_M_001.ccf
Tito_20130403_RSVPNicole305_8deg_A+M_NSP2_M_001.nev
Tito_20130403_RSVPNicole305_8deg_A+M_NSP2_M_001.ns5
Tito_20130403_RSVPNicole305_8deg_A+M_NSP2_M_002.ccf
Tito_20130403_RSVPNicole305_8deg_A+M_NSP2_M_002.nev
Tito_20130403_RSVPNicole305_8deg_A+M_NSP2_M_002.ns5
Tito_20130403_RSVPNicole305_8deg_P+A_NSP2_A_003.ccf
Tito_20130403_RSVPNicole305_8deg_P+A_NSP2_A_003.nev
Tito_20130403_RSVPNicole305_8deg_P+A_NSP2_A_003.ns5
Tito_20130403_RSVPNicole305_A+M_NSP2_M_009.ccf
Tito_20130403_RSVPNicole305_A+M_NSP2_M_009.nev
Tito_20130403_RSVPNicole305_A+M_NSP2_M_009.ns5
Tito_20130403_RSVPNicole305_M+P_NSP2_P_008.ccf
Tito_20130403_RSVPNicole305_M+P_NSP2_P_008.nev
Tito_20130403_RSVPNicole305_M+P_NSP2_P_008.ns5

sent 540 bytes  received 64768375906 bytes  2555419.16 bytes/sec
total size is 94568785391  speedup is 1.46
