receiving incremental file list
Tito_20130423_001_RSVPSPr1_S130404+M_NSP2_M.ccf
Tito_20130423_001_RSVPSPr1_S130404+M_NSP2_M.nev
Tito_20130423_001_RSVPSPr1_S130404+M_NSP2_M.ns5
Tito_20130423_002_RSVPSPr2_S130404+M_NSP2_M.ccf
Tito_20130423_002_RSVPSPr2_S130404+M_NSP2_M.nev
Tito_20130423_002_RSVPSPr2_S130404+M_NSP2_M.ns5
Tito_20130507_001_RSVPSPr1_S130404+M_NSP2_M.ccf
Tito_20130507_001_RSVPSPr1_S130404+M_NSP2_M.nev
Tito_20130507_001_RSVPSPr1_S130404+M_NSP2_M.ns5
Tito_20130507_002_RSVPSPr2_S130404+M_NSP2_M.ccf
Tito_20130507_002_RSVPSPr2_S130404+M_NSP2_M.nev
Tito_20130507_002_RSVPSPr2_S130404+M_NSP2_M.ns5
Tito_20130507_003_Nicole305_S130404+M_NSP2_M.ccf
Tito_20130507_003_Nicole305_S130404+M_NSP2_M.nev
Tito_20130507_003_Nicole305_S130404+M_NSP2_M.ns5
Tito_20130507_004_RSVPSPr3_S130404+M_NSP2_M.ccf
Tito_20130507_004_RSVPSPr3_S130404+M_NSP2_M.nev
Tito_20130507_004_RSVPSPr3_S130404+M_NSP2_M.ns5
Tito_20130508_001_RSVPSPr3_S130404+M_NSP2_M.ccf
Tito_20130508_001_RSVPSPr3_S130404+M_NSP2_M.nev
Tito_20130508_001_RSVPSPr3_S130404+M_NSP2_M.ns5
Tito_20130508_002_RSVPSPr3_S130404+M_NSP2_M.ccf
Tito_20130508_002_RSVPSPr3_S130404+M_NSP2_M.nev
Tito_20130508_002_RSVPSPr3_S130404+M_NSP2_M.ns5
Tito_20130508_003_RSVPSPr3_S130404+M_NSP2_M.ccf
Tito_20130508_003_RSVPSPr3_S130404+M_NSP2_M.nev
Tito_20130508_003_RSVPSPr3_S130404+M_NSP2_M.ns5
Tito_20130508_004_RSVPSPr2_S130404+M_NSP2_M.ccf
Tito_20130508_004_RSVPSPr2_S130404+M_NSP2_M.nev
Tito_20130508_004_RSVPSPr2_S130404+M_NSP2_M.ns5
Tito_20130508_005_Nicole305_S130404+M_NSP2_M.ccf
Tito_20130508_005_Nicole305_S130404+M_NSP2_M.nev
Tito_20130508_005_Nicole305_S130404+M_NSP2_M.ns5

sent 654 bytes  received 175905668989 bytes  2427507.22 bytes/sec
total size is 248896333365  speedup is 1.41
