receiving incremental file list
Tito_20130423_CrossTalk_A_RefC_NSP2_001.txt
Tito_20130423_CrossTalk_M_RefC_NSP2_001.txt
Tito_20130423_CrossTalk_P_RefA_NSP2_001.txt
Tito_20130423_Imp_A_RefC_NSP2_001.txt
Tito_20130423_Imp_M_RefC_NSP2_001.txt
Tito_20130423_Imp_P_RefA_NSP2_001.txt
Tito_20130507_CrossTalk_A_RefC_NSP2_001.txt
Tito_20130507_CrossTalk_M_RefC_NSP2_001.txt
Tito_20130507_CrossTalk_P_RefA_NSP2_001.txt
Tito_20130507_Imp_A_RefC_NSP2_001.txt
Tito_20130507_Imp_M_RefC_NSP2_001.txt
Tito_20130507_Imp_M_RefC_NSP2_002.txt
Tito_20130507_Imp_P_RefA_NSP2_001.txt
Tito_20130508_CrossTalk_A_RefC_NSP2_001.txt
Tito_20130508_CrossTalk_M_RefC_NSP2_001.txt
Tito_20130508_CrossTalk_P_RefA_NSP2_001.txt
Tito_20130508_Imp_A_RefC_NSP2_001.txt
Tito_20130508_Imp_M_RefC_NSP2_001.txt
Tito_20130508_Imp_P_RefA_NSP2_001.txt

sent 388 bytes  received 9955 bytes  4137.20 bytes/sec
total size is 32579  speedup is 3.15
