receiving incremental file list
Tito_20130421_001_RSVPSPr1_S130404+M_NSP1_S130404.ns5
Tito_20130421_002_RSVPSPr1_S130404+M_NSP1_S130404.ccf
Tito_20130421_002_RSVPSPr1_S130404+M_NSP1_S130404.nev
Tito_20130421_002_RSVPSPr1_S130404+M_NSP1_S130404.ns5
Tito_20130421_003_RSVPSPr2_S130404+M_NSP1_S130404.ccf
Tito_20130421_003_RSVPSPr2_S130404+M_NSP1_S130404.nev
Tito_20130421_003_RSVPSPr2_S130404+M_NSP1_S130404.ns5
Tito_20130421_004_RSVPSPr3_S130404+M_NSP1_S130404.ccf
Tito_20130421_004_RSVPSPr3_S130404+M_NSP1_S130404.nev
Tito_20130421_004_RSVPSPr3_S130404+M_NSP1_S130404.ns5
Tito_20130421_005_RSVPSPr3_S130404+M_NSP1_S130404.ccf
Tito_20130421_005_RSVPSPr3_S130404+M_NSP1_S130404.nev
Tito_20130421_005_RSVPSPr3_S130404+M_NSP1_S130404.ns5
Tito_20130422_001_RSVPSPr1_S130404+M_NSP1_S130404.ccf
Tito_20130422_001_RSVPSPr1_S130404+M_NSP1_S130404.nev
Tito_20130422_001_RSVPSPr1_S130404+M_NSP1_S130404.ns5
Tito_20130422_002_RSVPSPr1_S130404+M_NSP1_S130404.ccf
Tito_20130422_002_RSVPSPr1_S130404+M_NSP1_S130404.nev
Tito_20130422_002_RSVPSPr1_S130404+M_NSP1_S130404.ns5
Tito_20130422_003_RSVPSPr1_S130404+M_NSP1_S130404.ccf
Tito_20130422_003_RSVPSPr1_S130404+M_NSP1_S130404.nev
Tito_20130422_003_RSVPSPr1_S130404+M_NSP1_S130404.ns5
Tito_20130422_004_RSVPSPr1_S130404+M_NSP1_S130404.ccf
Tito_20130422_004_RSVPSPr1_S130404+M_NSP1_S130404.nev
Tito_20130422_004_RSVPSPr1_S130404+M_NSP1_S130404.ns5
Tito_20130422_005_RSVPSPr2_S130404+M_NSP1_S130404.ccf
Tito_20130422_005_RSVPSPr2_S130404+M_NSP1_S130404.nev
Tito_20130422_005_RSVPSPr2_S130404+M_NSP1_S130404.ns5
Tito_20130422_006_RSVPSPr3_S130404+M_NSP1_S130404.ccf
Tito_20130422_006_RSVPSPr3_S130404+M_NSP1_S130404.nev
Tito_20130422_006_RSVPSPr3_S130404+M_NSP1_S130404.ns5
Tito_20130422_007_RSVPSPr3_S130404+M_NSP1_S130404.ccf
Tito_20130422_007_RSVPSPr3_S130404+M_NSP1_S130404.nev
Tito_20130422_007_RSVPSPr3_S130404+M_NSP1_S130404.ns5
Tito_20130422_008_RSVPSPr2_S130404+M_NSP1_S130404.ccf
Tito_20130422_008_RSVPSPr2_S130404+M_NSP1_S130404.nev
Tito_20130422_008_RSVPSPr2_S130404+M_NSP1_S130404.ns5

sent 730 bytes  received 93922659507 bytes  2471876.63 bytes/sec
total size is 176381626828  speedup is 1.88
