receiving incremental file list
Tito_20130510_001_RSVPNicole305_S130404+M_NSP2_M.ccf
Tito_20130510_001_RSVPNicole305_S130404+M_NSP2_M.nev
Tito_20130510_001_RSVPNicole305_S130404+M_NSP2_M.ns5
Tito_20130510_002_RSVPSPr1_S130404+M_NSP2_M.ccf
Tito_20130510_002_RSVPSPr1_S130404+M_NSP2_M.nev
Tito_20130510_002_RSVPSPr1_S130404+M_NSP2_M.ns5
Tito_20130510_003_RSVPSPr2_S130404+M_NSP2_M.ccf
Tito_20130510_003_RSVPSPr2_S130404+M_NSP2_M.nev
Tito_20130510_003_RSVPSPr2_S130404+M_NSP2_M.ns5
Tito_20130510_004_RSVPSPr3_S130404+M_NSP2_M.ccf
Tito_20130510_004_RSVPSPr3_S130404+M_NSP2_M.nev
Tito_20130510_004_RSVPSPr3_S130404+M_NSP2_M.ns5
Tito_20130510_005_RSVPVar00a_S130404+M_NSP2_M.ccf
Tito_20130510_005_RSVPVar00a_S130404+M_NSP2_M.nev
Tito_20130510_005_RSVPVar00a_S130404+M_NSP2_M.ns5
Tito_20130510_006_RSVPVar03a_S130404+M_NSP2_M.ccf
Tito_20130510_006_RSVPVar03a_S130404+M_NSP2_M.nev
Tito_20130510_006_RSVPVar03a_S130404+M_NSP2_M.ns5
Tito_20130510_007_RSVPVar06a_S130404+M_NSP2_M.ccf
Tito_20130510_007_RSVPVar06a_S130404+M_NSP2_M.nev
Tito_20130510_007_RSVPVar06a_S130404+M_NSP2_M.ns5
Tito_20130510_008_RSVPNicole305_S130404+M_NSP2_M.ccf
Tito_20130510_008_RSVPNicole305_S130404+M_NSP2_M.nev
Tito_20130510_008_RSVPNicole305_S130404+M_NSP2_M.ns5

sent 483 bytes  received 108157679698 bytes  2459722.32 bytes/sec
total size is 153154419288  speedup is 1.42
