receiving incremental file list
Tito_20130415_RSVPVar06a_M+P_NSP1_M_001.ccf
Tito_20130415_RSVPVar06a_M+P_NSP1_M_001.nev
Tito_20130415_RSVPVar06a_M+P_NSP1_M_001.ns5
Tito_20130415_RSVPVar06a_M+P_NSP1_M_002.ccf
Tito_20130415_RSVPVar06a_M+P_NSP1_M_002.nev
Tito_20130415_RSVPVar06a_M+P_NSP1_M_002.ns5
Tito_20130415_RSVPVar06a_M+P_NSP1_M_003.ccf
Tito_20130415_RSVPVar06a_M+P_NSP1_M_003.nev
Tito_20130415_RSVPVar06a_M+P_NSP1_M_003.ns5
Tito_20130415_RSVPVar06a_P+A_NSP1_P_004.ccf
Tito_20130415_RSVPVar06a_P+A_NSP1_P_004.nev
Tito_20130415_RSVPVar06a_P+A_NSP1_P_004.ns5
Tito_20130415_RSVPVar06a_P+A_NSP1_P_005.ccf
Tito_20130415_RSVPVar06a_P+A_NSP1_P_005.nev
Tito_20130415_RSVPVar06a_P+A_NSP1_P_005.ns5
Tito_20130415_RSVPVar06a_P+A_NSP1_P_006.ccf
Tito_20130415_RSVPVar06a_P+A_NSP1_P_006.nev
Tito_20130415_RSVPVar06a_P+A_NSP1_P_006.ns5
Tito_20130415_RSVPVar06a_P+A_NSP1_P_007.ccf
Tito_20130415_RSVPVar06a_P+A_NSP1_P_007.nev
Tito_20130415_RSVPVar06a_P+A_NSP1_P_007.ns5
Tito_20130415_RSVPVar06a_P+A_NSP1_P_008.ccf
Tito_20130415_RSVPVar06a_P+A_NSP1_P_008.nev
Tito_20130415_RSVPVar06a_P+A_NSP1_P_008.ns5
Tito_20130415_RSVPVar06a_P+A_NSP1_P_009.ccf
Tito_20130415_RSVPVar06a_P+A_NSP1_P_009.nev
Tito_20130415_RSVPVar06a_P+A_NSP1_P_009.ns5

sent 540 bytes  received 84170972016 bytes  2647843.48 bytes/sec
total size is 118917473679  speedup is 1.41
