receiving incremental file list
Tito_20130510_001_RSVPNicole305_S130404+M_NSP1_S130404.ccf
Tito_20130510_001_RSVPNicole305_S130404+M_NSP1_S130404.nev
Tito_20130510_001_RSVPNicole305_S130404+M_NSP1_S130404.ns5
Tito_20130510_002_RSVPSPr1_S130404+M_NSP1_S130404.ccf
Tito_20130510_002_RSVPSPr1_S130404+M_NSP1_S130404.nev
Tito_20130510_002_RSVPSPr1_S130404+M_NSP1_S130404.ns5
Tito_20130510_003_RSVPSPr2_S130404+M_NSP1_S130404.ccf
Tito_20130510_003_RSVPSPr2_S130404+M_NSP1_S130404.nev
Tito_20130510_003_RSVPSPr2_S130404+M_NSP1_S130404.ns5
Tito_20130510_004_RSVPSPr3_S130404+M_NSP1_S130404.ccf
Tito_20130510_004_RSVPSPr3_S130404+M_NSP1_S130404.nev
Tito_20130510_004_RSVPSPr3_S130404+M_NSP1_S130404.ns5
Tito_20130510_005_RSVPVar00a_S130404+M_NSP1_S130404.ccf
Tito_20130510_005_RSVPVar00a_S130404+M_NSP1_S130404.nev
Tito_20130510_005_RSVPVar00a_S130404+M_NSP1_S130404.ns5
Tito_20130510_006_RSVPVar03a_S130404+M_NSP1_S130404.ccf
Tito_20130510_006_RSVPVar03a_S130404+M_NSP1_S130404.nev
Tito_20130510_006_RSVPVar03a_S130404+M_NSP1_S130404.ns5
Tito_20130510_007_RSVPVar06a_S130404+M_NSP1_S130404.ccf
Tito_20130510_007_RSVPVar06a_S130404+M_NSP1_S130404.nev
Tito_20130510_007_RSVPVar06a_S130404+M_NSP1_S130404.ns5
Tito_20130510_008_RSVPNicole305_S130404+M_NSP1_S130404.ccf
Tito_20130510_008_RSVPNicole305_S130404+M_NSP1_S130404.nev
Tito_20130510_008_RSVPNicole305_S130404+M_NSP1_S130404.ns5

sent 483 bytes  received 143522217380 bytes  2440708.77 bytes/sec
total size is 203929623632  speedup is 1.42
