receiving incremental file list
Tito_20130421_005_RSVPSPr3_S130404+M_NSP2_M.ns5
Tito_20130422_001_RSVPSPr1_S130404+M_NSP2_M.ccf
Tito_20130422_001_RSVPSPr1_S130404+M_NSP2_M.nev
Tito_20130422_001_RSVPSPr1_S130404+M_NSP2_M.ns5
Tito_20130422_002_RSVPSPr1_S130404+M_NSP2_M.ccf
Tito_20130422_002_RSVPSPr1_S130404+M_NSP2_M.nev
Tito_20130422_002_RSVPSPr1_S130404+M_NSP2_M.ns5
Tito_20130422_003_RSVPSPr1_S130404+M_NSP2_M.ccf
Tito_20130422_003_RSVPSPr1_S130404+M_NSP2_M.nev
Tito_20130422_003_RSVPSPr1_S130404+M_NSP2_M.ns5
Tito_20130422_004_RSVPSPr1_S130404+M_NSP2_M.ccf
Tito_20130422_004_RSVPSPr1_S130404+M_NSP2_M.nev
Tito_20130422_004_RSVPSPr1_S130404+M_NSP2_M.ns5
Tito_20130422_005_RSVPSPr2_S130404+M_NSP2_M.ccf
Tito_20130422_005_RSVPSPr2_S130404+M_NSP2_M.nev
Tito_20130422_005_RSVPSPr2_S130404+M_NSP2_M.ns5
Tito_20130422_006_RSVPSPr3_S130404+M_NSP2_M.ccf
Tito_20130422_006_RSVPSPr3_S130404+M_NSP2_M.nev
Tito_20130422_006_RSVPSPr3_S130404+M_NSP2_M.ns5
Tito_20130422_007_RSVPSPr3_S130404+M_NSP2_M.ccf
Tito_20130422_007_RSVPSPr3_S130404+M_NSP2_M.nev
Tito_20130422_007_RSVPSPr3_S130404+M_NSP2_M.ns5
Tito_20130422_008_RSVPSPr2_S130404+M_NSP2_M.ccf
Tito_20130422_008_RSVPSPr2_S130404+M_NSP2_M.nev
Tito_20130422_008_RSVPSPr2_S130404+M_NSP2_M.ns5

sent 502 bytes  received 47737074443 bytes  2447239.38 bytes/sec
total size is 88052061968  speedup is 1.84
