Tito_20110717_RSVPVar00a_M_004
Tito_20110722_RSVPVar03a_M_003
Tito_20110722_RSVPVar03a_M_006
Tito_20110726_RSVPVar03a_M_001
Tito_20110727_RSVPVar03a_M_005
Tito_20110727_RSVPVar03a_M_009
Tito_20110728_RSVPVar03a_M_007
Tito_20110801_RSVPVar03a_M_001   # might be okay
Tito_20110803_RSVPVar03a_S110720_005
Tito_20110804_RSVPVar03a_S110720_008
Tito_20110811_RSVPVar00a_S110720A_003
Tito_20110811_RSVPVar00a_S110720A_NSP2_P_004
Tito_20110812_RSVPVar06a_S110720A_001   # corrupted?
Tito_20110812_RSVPVar06a_S110720A_002   # corrupted?
Tito_20110812_RSVPVar06a_S110720A_003   # corrupted?
Tito_20110812_RSVPVar06a_S110720A_004   # corrupted?
Tito_20110812_RSVPVar06a_S110720A_005   # corrupted?
Tito_20110812_RSVPVar06a_S110720A_006   # corrupted?
Tito_20110812_RSVPVar06a_S110720A_007   # corrupted?
Tito_20110814_RSVPVar06a_S110720A_NSP2_P_006
Tito_20110815_RSVPVar06a_S110720A_004
Tito_20110815_RSVPVar06a_S110720A_NSP2_P_003
Tito_20110816_RSVPVar06a_S110720A_003   # 2 mwk runs
Tito_20110816_RSVPVar06a_S110720A_NSP2_P_003  # 2 mwk runs
Tito_20110822_RSVPVar06_nopos_S110720A_NSP2_P_006
Tito_20110826_RSVPVar06_nopos_S110720A_005
Tito_20110828_RSVPVar03a_S110720A_005
# Tito_20110828_RSVPVar03a_S110720A_NSP2_P_003; noise?
Tito_20110829_RSVPVar06_nopos_S110720A_001
